[2019-08-05 17:33:25,280] HybridPlanning_SA_real.py->Astar_Hybrid_Planning_online line:73 [INFO]current position of UAV: [0, 0, 0, 1]
[2019-08-05 17:33:25,282] demo6.py->hasprivacythreat_real line:202 [INFO]image index D:/1/3.jpg
[2019-08-05 17:33:30,448] HybridPlanning_SA_real.py->Astar_Hybrid_Planning_online line:73 [INFO]current position of UAV: [1, 0, 0, 1]
[2019-08-05 17:33:30,449] demo6.py->hasprivacythreat_real line:202 [INFO]image index D:/1/8.jpg
[2019-08-05 17:33:35,623] HybridPlanning_SA_real.py->Astar_Hybrid_Planning_online line:73 [INFO]current position of UAV: [2, 0, 0, 1]
[2019-08-05 17:33:35,623] demo6.py->hasprivacythreat_real line:202 [INFO]image index D:/1/13.jpg
[2019-08-05 17:33:40,799] HybridPlanning_SA_real.py->Astar_Hybrid_Planning_online line:73 [INFO]current position of UAV: [3, 0, 0, 1]
[2019-08-05 17:33:40,799] demo6.py->hasprivacythreat_real line:202 [INFO]image index D:/1/18.jpg
[2019-08-05 17:33:46,954] HybridPlanning_SA_real.py->Astar_Hybrid_Planning_online line:73 [INFO]current position of UAV: [3, 1, 0, 1]
[2019-08-05 17:33:46,955] demo6.py->hasprivacythreat_real line:202 [INFO]image index D:/1/25.jpg
[2019-08-05 17:33:53,168] HybridPlanning_SA_real.py->Astar_Hybrid_Planning_online line:73 [INFO]current position of UAV: [3, 2, 0, 1]
[2019-08-05 17:33:53,169] demo6.py->hasprivacythreat_real line:202 [INFO]image index D:/1/31.jpg
[2019-08-05 17:33:59,430] HybridPlanning_SA_real.py->Astar_Hybrid_Planning_online line:73 [INFO]current position of UAV: [3, 3, 0, 1]
[2019-08-05 17:33:59,430] demo6.py->hasprivacythreat_real line:202 [INFO]image index D:/1/37.jpg
[2019-08-05 17:34:05,699] HybridPlanning_SA_real.py->Astar_Hybrid_Planning_online line:73 [INFO]current position of UAV: [3, 4, 0, 1]
[2019-08-05 17:34:05,700] demo6.py->hasprivacythreat_real line:202 [INFO]image index D:/1/44.jpg
[2019-08-05 17:34:05,912] demo6.py->hasprivacythreat_real line:275 [INFO]threat position: [6, 2]
[2019-08-05 17:34:05,916] demo6.py->hasprivacythreat_real line:275 [INFO]threat position: [6, 1]
[2019-08-05 17:34:05,921] demo6.py->hasprivacythreat_real line:299 [INFO]center threat position: [6, 1]
[2019-08-05 17:34:05,938] HybridPlanning_SA_real.py->Astar_Hybrid_Planning_online line:154 [INFO]producing local planning
[2019-08-05 17:34:05,948] HybridPlanning_SA_real.py->Astar_Hybrid_Planning_online line:165 [INFO]affect_path:[from: 7 (3, 4, 0, 1) to: 12 (3, 9, 0, 1)]
[2019-08-05 17:34:06,772] HybridPlanning_SA_real.py->Astar_Hybrid_Planning_online line:217 [INFO]Online_Hybrid_Planning: No solution for local planning: from [3, 4, 0] to [3, 9, 0]. No solution flag is 2, PR for PP is 0.000000. length of PP is 7, T plan optimal is 5
[2019-08-05 17:34:14,463] HybridPlanning_SA_real.py->Astar_Hybrid_Planning_online line:73 [INFO]current position of UAV: [4, 4, 0, 2]
[2019-08-05 17:34:20,495] HybridPlanning_SA_real.py->Astar_Hybrid_Planning_online line:73 [INFO]current position of UAV: [4, 5, 0, 2]
[2019-08-05 17:34:26,527] HybridPlanning_SA_real.py->Astar_Hybrid_Planning_online line:73 [INFO]current position of UAV: [4, 6, 0, 2]
[2019-08-05 17:34:32,546] HybridPlanning_SA_real.py->Astar_Hybrid_Planning_online line:73 [INFO]current position of UAV: [4, 7, 0, 2]
[2019-08-05 17:34:38,576] HybridPlanning_SA_real.py->Astar_Hybrid_Planning_online line:73 [INFO]current position of UAV: [4, 8, 0, 2]
[2019-08-05 17:34:44,607] HybridPlanning_SA_real.py->Astar_Hybrid_Planning_online line:73 [INFO]current position of UAV: [4, 9, 0, 2]
[2019-08-05 17:34:49,623] HybridPlanning_SA_real.py->Astar_Hybrid_Planning_online line:73 [INFO]current position of UAV: [3, 9, 0, 2]
[2019-08-05 17:34:55,654] HybridPlanning_SA_real.py->Astar_Hybrid_Planning_online line:73 [INFO]current position of UAV: [3, 10, 0, 1]
[2019-08-05 17:34:55,655] demo6.py->hasprivacythreat_real line:202 [INFO]image index D:/1/102.jpg
[2019-08-05 17:35:01,968] HybridPlanning_SA_real.py->Astar_Hybrid_Planning_online line:73 [INFO]current position of UAV: [3, 11, 0, 1]
[2019-08-05 17:35:01,970] demo6.py->hasprivacythreat_real line:202 [INFO]image index D:/1/107.jpg
[2019-08-05 17:35:08,257] HybridPlanning_SA_real.py->Astar_Hybrid_Planning_online line:73 [INFO]current position of UAV: [3, 12, 0, 1]
[2019-08-05 17:35:08,261] demo6.py->hasprivacythreat_real line:202 [INFO]image index D:/1/112.jpg
[2019-08-05 17:35:14,565] HybridPlanning_SA_real.py->Astar_Hybrid_Planning_online line:73 [INFO]current position of UAV: [3, 13, 0, 1]
[2019-08-05 17:35:14,568] demo6.py->hasprivacythreat_real line:202 [INFO]image index D:/1/118.jpg
[2019-08-05 17:35:20,848] HybridPlanning_SA_real.py->Astar_Hybrid_Planning_online line:73 [INFO]current position of UAV: [3, 14, 0, 1]
[2019-08-05 17:35:20,849] demo6.py->hasprivacythreat_real line:202 [INFO]image index D:/1/124.jpg
[2019-08-05 17:35:27,145] HybridPlanning_SA_real.py->Astar_Hybrid_Planning_online line:73 [INFO]current position of UAV: [3, 15, 0, 1]
[2019-08-05 17:35:27,147] demo6.py->hasprivacythreat_real line:202 [INFO]image index D:/1/129.jpg
[2019-08-05 17:35:33,429] HybridPlanning_SA_real.py->Astar_Hybrid_Planning_online line:73 [INFO]current position of UAV: [3, 16, 0, 1]
[2019-08-05 17:35:33,430] demo6.py->hasprivacythreat_real line:202 [INFO]image index D:/1/134.jpg
[2019-08-05 17:35:39,725] HybridPlanning_SA_real.py->Astar_Hybrid_Planning_online line:73 [INFO]current position of UAV: [3, 17, 0, 1]
[2019-08-05 17:35:39,727] demo6.py->hasprivacythreat_real line:202 [INFO]image index D:/1/139.jpg
[2019-08-05 17:35:46,025] HybridPlanning_SA_real.py->Astar_Hybrid_Planning_online line:73 [INFO]current position of UAV: [3, 18, 0, 1]
[2019-08-05 17:35:46,026] demo6.py->hasprivacythreat_real line:202 [INFO]image index D:/1/142.jpg
[2019-08-05 17:35:51,326] HybridPlanning_SA_real.py->Astar_Hybrid_Planning_online line:73 [INFO]current position of UAV: [2, 18, 0, 1]
[2019-08-05 17:35:51,327] demo6.py->hasprivacythreat_real line:202 [INFO]image index D:/1/142.jpg
[2019-08-05 17:35:56,605] HybridPlanning_SA_real.py->Astar_Hybrid_Planning_online line:73 [INFO]current position of UAV: [1, 18, 0, 1]
[2019-08-05 17:35:56,607] demo6.py->hasprivacythreat_real line:202 [INFO]image index D:/1/144.jpg
[2019-08-05 17:36:01,889] HybridPlanning_SA_real.py->Astar_Hybrid_Planning_online line:73 [INFO]current position of UAV: [0, 18, 0, 1]
