[2020-05-28 14:15:39,440] HybridPlanning_SA_real.py->Astar_Hybrid_Planning_online line:104 [INFO]current position of UAV: [0, 0, 9, 1]
[2020-05-28 14:15:39,440] demo6.py->hasprivacythreat_real line:206 [INFO]current position [0, 0, 9, 1]
[2020-05-28 14:15:57,352] HybridPlanning_SA_real.py->Astar_Hybrid_Planning_online line:104 [INFO]current position of UAV: [0, 0, 9, 1]
[2020-05-28 14:15:57,352] demo6.py->hasprivacythreat_real line:206 [INFO]current position [0, 0, 9, 1]
[2020-05-28 14:15:57,353] demo6.py->hasprivacythreat_real line:217 [INFO]image index C:\Users\Lenovo\Documents\GitHub\UAV-hybrid-motion-planning-with-privacy-concerns\2020-UAV_Experiment_RealScenario\Privacy/pic5-4/1.jpg
[2020-05-28 14:16:05,472] HybridPlanning_SA_real.py->Astar_Hybrid_Planning_online line:104 [INFO]current position of UAV: [1, 0, 9, 1]
[2020-05-28 14:16:05,472] demo6.py->hasprivacythreat_real line:206 [INFO]current position [1, 0, 9, 1]
[2020-05-28 14:16:05,472] demo6.py->hasprivacythreat_real line:217 [INFO]image index C:\Users\Lenovo\Documents\GitHub\UAV-hybrid-motion-planning-with-privacy-concerns\2020-UAV_Experiment_RealScenario\Privacy/pic5-4/7.jpg
[2020-05-28 14:16:13,554] HybridPlanning_SA_real.py->Astar_Hybrid_Planning_online line:104 [INFO]current position of UAV: [2, 0, 9, 1]
[2020-05-28 14:16:13,554] demo6.py->hasprivacythreat_real line:206 [INFO]current position [2, 0, 9, 1]
[2020-05-28 14:16:13,554] demo6.py->hasprivacythreat_real line:217 [INFO]image index C:\Users\Lenovo\Documents\GitHub\UAV-hybrid-motion-planning-with-privacy-concerns\2020-UAV_Experiment_RealScenario\Privacy/pic5-4/13.jpg
[2020-05-28 14:16:21,627] HybridPlanning_SA_real.py->Astar_Hybrid_Planning_online line:104 [INFO]current position of UAV: [3, 0, 9, 1]
[2020-05-28 14:16:21,627] demo6.py->hasprivacythreat_real line:206 [INFO]current position [3, 0, 9, 1]
[2020-05-28 14:16:21,627] demo6.py->hasprivacythreat_real line:217 [INFO]image index C:\Users\Lenovo\Documents\GitHub\UAV-hybrid-motion-planning-with-privacy-concerns\2020-UAV_Experiment_RealScenario\Privacy/pic5-4/19.jpg
[2020-05-28 14:16:28,702] HybridPlanning_SA_real.py->Astar_Hybrid_Planning_online line:104 [INFO]current position of UAV: [3, 1, 9, 1]
[2020-05-28 14:16:28,702] demo6.py->hasprivacythreat_real line:206 [INFO]current position [3, 1, 9, 1]
[2020-05-28 14:16:28,702] demo6.py->hasprivacythreat_real line:217 [INFO]image index C:\Users\Lenovo\Documents\GitHub\UAV-hybrid-motion-planning-with-privacy-concerns\2020-UAV_Experiment_RealScenario\Privacy/pic5-4/25.jpg
[2020-05-28 14:16:35,778] HybridPlanning_SA_real.py->Astar_Hybrid_Planning_online line:104 [INFO]current position of UAV: [3, 2, 9, 1]
[2020-05-28 14:16:35,778] demo6.py->hasprivacythreat_real line:206 [INFO]current position [3, 2, 9, 1]
[2020-05-28 14:16:35,778] demo6.py->hasprivacythreat_real line:217 [INFO]image index C:\Users\Lenovo\Documents\GitHub\UAV-hybrid-motion-planning-with-privacy-concerns\2020-UAV_Experiment_RealScenario\Privacy/pic5-4/31.jpg
[2020-05-28 14:16:42,858] HybridPlanning_SA_real.py->Astar_Hybrid_Planning_online line:104 [INFO]current position of UAV: [3, 3, 9, 1]
[2020-05-28 14:16:42,858] demo6.py->hasprivacythreat_real line:206 [INFO]current position [3, 3, 9, 1]
[2020-05-28 14:16:42,858] demo6.py->hasprivacythreat_real line:217 [INFO]image index C:\Users\Lenovo\Documents\GitHub\UAV-hybrid-motion-planning-with-privacy-concerns\2020-UAV_Experiment_RealScenario\Privacy/pic5-4/37.jpg
[2020-05-28 14:16:49,941] HybridPlanning_SA_real.py->Astar_Hybrid_Planning_online line:104 [INFO]current position of UAV: [3, 4, 9, 1]
[2020-05-28 14:16:49,942] demo6.py->hasprivacythreat_real line:206 [INFO]current position [3, 4, 9, 1]
[2020-05-28 14:16:49,942] demo6.py->hasprivacythreat_real line:217 [INFO]image index C:\Users\Lenovo\Documents\GitHub\UAV-hybrid-motion-planning-with-privacy-concerns\2020-UAV_Experiment_RealScenario\Privacy/pic5-4/43.jpg
[2020-05-28 14:16:50,057] demo6.py->hasprivacythreat_real line:290 [INFO]threat position: [6, 10]
[2020-05-28 14:16:50,057] demo6.py->hasprivacythreat_real line:290 [INFO]threat position: [6, 9]
[2020-05-28 14:16:50,058] demo6.py->hasprivacythreat_real line:314 [INFO]center threat position: [6, 10]
[2020-05-28 14:16:50,086] HybridPlanning_SA_real.py->Astar_Hybrid_Planning_online line:185 [INFO]producing local planning
[2020-05-28 14:16:50,087] HybridPlanning_SA_real.py->Astar_Hybrid_Planning_online line:196 [INFO]affect_path:[from: 7 (3, 4, 9, 1) to: 12 (3, 9, 9, 1)]
[2020-05-28 14:17:04,923] HybridPlanning_SA_real.py->Astar_Hybrid_Planning_online line:104 [INFO]current position of UAV: [4, 4, 9, 1]
[2020-05-28 14:17:04,923] demo6.py->hasprivacythreat_real line:206 [INFO]current position [4, 4, 9, 1]
[2020-05-28 14:17:04,923] demo6.py->hasprivacythreat_real line:217 [INFO]image index C:\Users\Lenovo\Documents\GitHub\UAV-hybrid-motion-planning-with-privacy-concerns\2020-UAV_Experiment_RealScenario\Privacy/pic5-4/49.jpg
[2020-05-28 14:17:04,989] demo6.py->hasprivacythreat_real line:290 [INFO]threat position: [6, 10]
[2020-05-28 14:17:04,989] demo6.py->hasprivacythreat_real line:290 [INFO]threat position: [5, 10]
[2020-05-28 14:17:04,989] demo6.py->hasprivacythreat_real line:290 [INFO]threat position: [4, 10]
[2020-05-28 14:17:04,990] demo6.py->hasprivacythreat_real line:314 [INFO]center threat position: [5, 10]
[2020-05-28 14:17:13,037] HybridPlanning_SA_real.py->Astar_Hybrid_Planning_online line:104 [INFO]current position of UAV: [5, 4, 9, 1]
[2020-05-28 14:17:13,037] demo6.py->hasprivacythreat_real line:206 [INFO]current position [5, 4, 9, 1]
[2020-05-28 14:17:13,037] demo6.py->hasprivacythreat_real line:217 [INFO]image index C:\Users\Lenovo\Documents\GitHub\UAV-hybrid-motion-planning-with-privacy-concerns\2020-UAV_Experiment_RealScenario\Privacy/pic5-4/55.jpg
[2020-05-28 14:17:13,084] demo6.py->hasprivacythreat_real line:290 [INFO]threat position: [6, 8]
[2020-05-28 14:17:13,084] demo6.py->hasprivacythreat_real line:290 [INFO]threat position: [5, 8]
[2020-05-28 14:17:13,084] demo6.py->hasprivacythreat_real line:290 [INFO]threat position: [4, 8]
[2020-05-28 14:17:13,084] demo6.py->hasprivacythreat_real line:290 [INFO]threat position: [3, 8]
[2020-05-28 14:17:13,085] demo6.py->hasprivacythreat_real line:290 [INFO]threat position: [2, 8]
[2020-05-28 14:17:13,085] demo6.py->hasprivacythreat_real line:290 [INFO]threat position: [6, 7]
[2020-05-28 14:17:13,085] demo6.py->hasprivacythreat_real line:290 [INFO]threat position: [5, 7]
[2020-05-28 14:17:13,085] demo6.py->hasprivacythreat_real line:290 [INFO]threat position: [4, 7]
[2020-05-28 14:17:13,085] demo6.py->hasprivacythreat_real line:290 [INFO]threat position: [3, 7]
[2020-05-28 14:17:13,085] demo6.py->hasprivacythreat_real line:290 [INFO]threat position: [2, 7]
[2020-05-28 14:17:13,085] demo6.py->hasprivacythreat_real line:314 [INFO]center threat position: [4, 8]
[2020-05-28 14:17:20,132] HybridPlanning_SA_real.py->Astar_Hybrid_Planning_online line:104 [INFO]current position of UAV: [5, 5, 9, 1]
[2020-05-28 14:17:20,132] demo6.py->hasprivacythreat_real line:206 [INFO]current position [5, 5, 9, 1]
[2020-05-28 14:17:20,132] demo6.py->hasprivacythreat_real line:217 [INFO]image index C:\Users\Lenovo\Documents\GitHub\UAV-hybrid-motion-planning-with-privacy-concerns\2020-UAV_Experiment_RealScenario\Privacy/pic5-4/61.jpg
[2020-05-28 14:17:20,179] demo6.py->hasprivacythreat_real line:290 [INFO]threat position: [3, 8]
[2020-05-28 14:17:20,179] demo6.py->hasprivacythreat_real line:290 [INFO]threat position: [7, 7]
[2020-05-28 14:17:20,179] demo6.py->hasprivacythreat_real line:290 [INFO]threat position: [6, 7]
[2020-05-28 14:17:20,179] demo6.py->hasprivacythreat_real line:290 [INFO]threat position: [5, 7]
[2020-05-28 14:17:20,179] demo6.py->hasprivacythreat_real line:290 [INFO]threat position: [4, 7]
[2020-05-28 14:17:20,179] demo6.py->hasprivacythreat_real line:290 [INFO]threat position: [3, 7]
[2020-05-28 14:17:20,179] demo6.py->hasprivacythreat_real line:314 [INFO]center threat position: [5, 7]
[2020-05-28 14:17:27,223] HybridPlanning_SA_real.py->Astar_Hybrid_Planning_online line:104 [INFO]current position of UAV: [5, 6, 9, 1]
[2020-05-28 14:17:27,223] demo6.py->hasprivacythreat_real line:206 [INFO]current position [5, 6, 9, 1]
[2020-05-28 14:17:27,223] demo6.py->hasprivacythreat_real line:217 [INFO]image index C:\Users\Lenovo\Documents\GitHub\UAV-hybrid-motion-planning-with-privacy-concerns\2020-UAV_Experiment_RealScenario\Privacy/pic5-4/67.jpg
[2020-05-28 14:17:27,292] demo6.py->hasprivacythreat_real line:290 [INFO]threat position: [7, 8]
[2020-05-28 14:17:27,293] demo6.py->hasprivacythreat_real line:290 [INFO]threat position: [6, 8]
[2020-05-28 14:17:27,293] demo6.py->hasprivacythreat_real line:290 [INFO]threat position: [5, 8]
[2020-05-28 14:17:27,293] demo6.py->hasprivacythreat_real line:290 [INFO]threat position: [4, 8]
[2020-05-28 14:17:27,293] demo6.py->hasprivacythreat_real line:314 [INFO]center threat position: [5, 8]
[2020-05-28 14:17:27,320] HybridPlanning_SA_real.py->Astar_Hybrid_Planning_online line:185 [INFO]producing local planning
[2020-05-28 14:17:27,320] HybridPlanning_SA_real.py->Astar_Hybrid_Planning_online line:196 [INFO]affect_path:[from: 15 (4, 9, 9, 1) to: 17 (3, 10, 9, 1)]
[2020-05-28 14:17:34,470] HybridPlanning_SA_real.py->Astar_Hybrid_Planning_online line:104 [INFO]current position of UAV: [5, 7, 9, 1]
[2020-05-28 14:17:34,470] demo6.py->hasprivacythreat_real line:206 [INFO]current position [5, 7, 9, 1]
[2020-05-28 14:17:34,470] demo6.py->hasprivacythreat_real line:217 [INFO]image index C:\Users\Lenovo\Documents\GitHub\UAV-hybrid-motion-planning-with-privacy-concerns\2020-UAV_Experiment_RealScenario\Privacy/pic5-4/73.jpg
[2020-05-28 14:17:34,516] demo6.py->hasprivacythreat_real line:290 [INFO]threat position: [8, 8]
[2020-05-28 14:17:34,516] demo6.py->hasprivacythreat_real line:290 [INFO]threat position: [7, 8]
[2020-05-28 14:17:34,516] demo6.py->hasprivacythreat_real line:290 [INFO]threat position: [6, 8]
[2020-05-28 14:17:34,516] demo6.py->hasprivacythreat_real line:290 [INFO]threat position: [5, 8]
[2020-05-28 14:17:34,517] demo6.py->hasprivacythreat_real line:314 [INFO]center threat position: [6, 8]
[2020-05-28 14:17:34,539] HybridPlanning_SA_real.py->Astar_Hybrid_Planning_online line:185 [INFO]producing local planning
[2020-05-28 14:17:34,540] HybridPlanning_SA_real.py->Astar_Hybrid_Planning_online line:196 [INFO]affect_path:[from: 16 (4, 10, 9, 1) to: 18 (3, 11, 9, 1)]
[2020-05-28 14:17:42,676] HybridPlanning_SA_real.py->Astar_Hybrid_Planning_online line:104 [INFO]current position of UAV: [4, 7, 9, 1]
[2020-05-28 14:17:42,676] demo6.py->hasprivacythreat_real line:206 [INFO]current position [4, 7, 9, 1]
[2020-05-28 14:17:42,676] demo6.py->hasprivacythreat_real line:217 [INFO]image index C:\Users\Lenovo\Documents\GitHub\UAV-hybrid-motion-planning-with-privacy-concerns\2020-UAV_Experiment_RealScenario\Privacy/pic5-4/79.jpg
[2020-05-28 14:17:42,722] demo6.py->hasprivacythreat_real line:290 [INFO]threat position: [6, 8]
[2020-05-28 14:17:42,722] demo6.py->hasprivacythreat_real line:290 [INFO]threat position: [5, 8]
[2020-05-28 14:17:42,723] demo6.py->hasprivacythreat_real line:314 [INFO]center threat position: [5, 8]
[2020-05-28 14:17:49,759] HybridPlanning_SA_real.py->Astar_Hybrid_Planning_online line:104 [INFO]current position of UAV: [4, 8, 9, 1]
[2020-05-28 14:17:49,759] demo6.py->hasprivacythreat_real line:206 [INFO]current position [4, 8, 9, 1]
[2020-05-28 14:17:49,759] demo6.py->hasprivacythreat_real line:217 [INFO]image index C:\Users\Lenovo\Documents\GitHub\UAV-hybrid-motion-planning-with-privacy-concerns\2020-UAV_Experiment_RealScenario\Privacy/pic5-4/85.jpg
[2020-05-28 14:17:49,817] demo6.py->hasprivacythreat_real line:290 [INFO]threat position: [6, 11]
[2020-05-28 14:17:49,818] demo6.py->hasprivacythreat_real line:314 [INFO]center threat position: [6, 11]
[2020-05-28 14:17:56,852] HybridPlanning_SA_real.py->Astar_Hybrid_Planning_online line:104 [INFO]current position of UAV: [4, 9, 9, 1]
[2020-05-28 14:17:56,852] demo6.py->hasprivacythreat_real line:206 [INFO]current position [4, 9, 9, 1]
[2020-05-28 14:17:56,852] demo6.py->hasprivacythreat_real line:217 [INFO]image index C:\Users\Lenovo\Documents\GitHub\UAV-hybrid-motion-planning-with-privacy-concerns\2020-UAV_Experiment_RealScenario\Privacy/pic5-4/91.jpg
[2020-05-28 14:18:03,930] HybridPlanning_SA_real.py->Astar_Hybrid_Planning_online line:104 [INFO]current position of UAV: [4, 10, 9, 1]
[2020-05-28 14:18:03,930] demo6.py->hasprivacythreat_real line:206 [INFO]current position [4, 10, 9, 1]
[2020-05-28 14:18:03,930] demo6.py->hasprivacythreat_real line:217 [INFO]image index C:\Users\Lenovo\Documents\GitHub\UAV-hybrid-motion-planning-with-privacy-concerns\2020-UAV_Experiment_RealScenario\Privacy/pic5-4/97.jpg
[2020-05-28 14:18:11,007] HybridPlanning_SA_real.py->Astar_Hybrid_Planning_online line:104 [INFO]current position of UAV: [4, 11, 9, 1]
[2020-05-28 14:18:11,007] demo6.py->hasprivacythreat_real line:206 [INFO]current position [4, 11, 9, 1]
[2020-05-28 14:18:11,007] demo6.py->hasprivacythreat_real line:217 [INFO]image index C:\Users\Lenovo\Documents\GitHub\UAV-hybrid-motion-planning-with-privacy-concerns\2020-UAV_Experiment_RealScenario\Privacy/pic5-4/103.jpg
[2020-05-28 14:18:19,080] HybridPlanning_SA_real.py->Astar_Hybrid_Planning_online line:104 [INFO]current position of UAV: [3, 11, 9, 1]
[2020-05-28 14:18:19,080] demo6.py->hasprivacythreat_real line:206 [INFO]current position [3, 11, 9, 1]
[2020-05-28 14:18:19,080] demo6.py->hasprivacythreat_real line:217 [INFO]image index C:\Users\Lenovo\Documents\GitHub\UAV-hybrid-motion-planning-with-privacy-concerns\2020-UAV_Experiment_RealScenario\Privacy/pic5-4/109.jpg
[2020-05-28 14:18:26,153] HybridPlanning_SA_real.py->Astar_Hybrid_Planning_online line:104 [INFO]current position of UAV: [3, 12, 9, 1]
[2020-05-28 14:18:26,153] demo6.py->hasprivacythreat_real line:206 [INFO]current position [3, 12, 9, 1]
[2020-05-28 14:18:26,153] demo6.py->hasprivacythreat_real line:217 [INFO]image index C:\Users\Lenovo\Documents\GitHub\UAV-hybrid-motion-planning-with-privacy-concerns\2020-UAV_Experiment_RealScenario\Privacy/pic5-4/115.jpg
[2020-05-28 14:18:33,214] HybridPlanning_SA_real.py->Astar_Hybrid_Planning_online line:104 [INFO]current position of UAV: [3, 13, 9, 1]
[2020-05-28 14:18:33,214] demo6.py->hasprivacythreat_real line:206 [INFO]current position [3, 13, 9, 1]
[2020-05-28 14:18:33,214] demo6.py->hasprivacythreat_real line:217 [INFO]image index C:\Users\Lenovo\Documents\GitHub\UAV-hybrid-motion-planning-with-privacy-concerns\2020-UAV_Experiment_RealScenario\Privacy/pic5-4/121.jpg
[2020-05-28 14:18:40,277] HybridPlanning_SA_real.py->Astar_Hybrid_Planning_online line:104 [INFO]current position of UAV: [3, 14, 9, 1]
[2020-05-28 14:18:40,277] demo6.py->hasprivacythreat_real line:206 [INFO]current position [3, 14, 9, 1]
[2020-05-28 14:18:40,277] demo6.py->hasprivacythreat_real line:217 [INFO]image index C:\Users\Lenovo\Documents\GitHub\UAV-hybrid-motion-planning-with-privacy-concerns\2020-UAV_Experiment_RealScenario\Privacy/pic5-4/127.jpg
[2020-05-28 14:18:47,356] HybridPlanning_SA_real.py->Astar_Hybrid_Planning_online line:104 [INFO]current position of UAV: [3, 15, 9, 1]
[2020-05-28 14:18:47,356] demo6.py->hasprivacythreat_real line:206 [INFO]current position [3, 15, 9, 1]
[2020-05-28 14:18:47,357] demo6.py->hasprivacythreat_real line:217 [INFO]image index C:\Users\Lenovo\Documents\GitHub\UAV-hybrid-motion-planning-with-privacy-concerns\2020-UAV_Experiment_RealScenario\Privacy/pic5-4/133.jpg
[2020-05-28 14:18:54,459] HybridPlanning_SA_real.py->Astar_Hybrid_Planning_online line:104 [INFO]current position of UAV: [3, 16, 9, 1]
[2020-05-28 14:18:54,459] demo6.py->hasprivacythreat_real line:206 [INFO]current position [3, 16, 9, 1]
[2020-05-28 14:18:54,459] demo6.py->hasprivacythreat_real line:217 [INFO]image index C:\Users\Lenovo\Documents\GitHub\UAV-hybrid-motion-planning-with-privacy-concerns\2020-UAV_Experiment_RealScenario\Privacy/pic5-4/139.jpg
[2020-05-28 14:19:01,517] HybridPlanning_SA_real.py->Astar_Hybrid_Planning_online line:104 [INFO]current position of UAV: [3, 17, 9, 1]
[2020-05-28 14:19:01,517] demo6.py->hasprivacythreat_real line:206 [INFO]current position [3, 17, 9, 1]
[2020-05-28 14:19:01,517] demo6.py->hasprivacythreat_real line:217 [INFO]image index C:\Users\Lenovo\Documents\GitHub\UAV-hybrid-motion-planning-with-privacy-concerns\2020-UAV_Experiment_RealScenario\Privacy/pic5-4/145.jpg
[2020-05-28 14:19:08,578] HybridPlanning_SA_real.py->Astar_Hybrid_Planning_online line:104 [INFO]current position of UAV: [3, 18, 9, 1]
[2020-05-28 14:19:08,578] demo6.py->hasprivacythreat_real line:206 [INFO]current position [3, 18, 9, 1]
[2020-05-28 14:19:08,578] demo6.py->hasprivacythreat_real line:217 [INFO]image index C:\Users\Lenovo\Documents\GitHub\UAV-hybrid-motion-planning-with-privacy-concerns\2020-UAV_Experiment_RealScenario\Privacy/pic5-4/151.jpg
[2020-05-28 14:19:16,652] HybridPlanning_SA_real.py->Astar_Hybrid_Planning_online line:104 [INFO]current position of UAV: [2, 18, 9, 1]
[2020-05-28 14:19:16,652] demo6.py->hasprivacythreat_real line:206 [INFO]current position [2, 18, 9, 1]
[2020-05-28 14:19:16,652] demo6.py->hasprivacythreat_real line:217 [INFO]image index C:\Users\Lenovo\Documents\GitHub\UAV-hybrid-motion-planning-with-privacy-concerns\2020-UAV_Experiment_RealScenario\Privacy/pic5-4/157.jpg
[2020-05-28 14:19:24,720] HybridPlanning_SA_real.py->Astar_Hybrid_Planning_online line:104 [INFO]current position of UAV: [1, 18, 9, 1]
[2020-05-28 14:19:24,720] demo6.py->hasprivacythreat_real line:206 [INFO]current position [1, 18, 9, 1]
[2020-05-28 14:19:24,720] demo6.py->hasprivacythreat_real line:217 [INFO]image index C:\Users\Lenovo\Documents\GitHub\UAV-hybrid-motion-planning-with-privacy-concerns\2020-UAV_Experiment_RealScenario\Privacy/pic5-4/163.jpg
[2020-05-28 14:19:32,780] HybridPlanning_SA_real.py->Astar_Hybrid_Planning_online line:104 [INFO]current position of UAV: [0, 18, 9, 1]
[2020-05-28 14:19:32,781] HybridPlanning_SA_real.py->Astar_Hybrid_Planning_online line:312 [INFO]Online_Hybrid_Planning: Replanning times: 3
[2020-05-28 14:19:32,781] HybridPlanning_SA_real.py->Astar_Hybrid_Planning_online line:314 [INFO]Online_Hybrid_Planning: No solution times: 0
[2020-05-28 14:19:32,781] HybridPlanning_SA_real.py->Astar_Hybrid_Planning_online line:316 [INFO]Online_Hybrid_Planning: Execution time: 215.428789
[2020-05-28 14:19:32,784] HybridPlanning_SA_real.py->Astar_Hybrid_Planning_online line:340 [INFO]Online_Hybrid_Planning: Exploration rate: 0.775000
[2020-05-28 14:19:32,838] HybridPlanning_SA_real.py->Astar_Hybrid_Planning_online line:357 [INFO]Online_Hybrid_Planning: Length of replanned trajectory: 28
[2020-05-28 14:19:32,838] HybridPlanning_SA_real.py->Astar_Hybrid_Planning_online line:359 [INFO]Online_Hybrid_Planning: Sum of privacy threat of replanned trajectory(occ_grid): 0.000000
[2020-05-28 14:19:32,838] HybridPlanning_SA_real.py->Astar_Hybrid_Planning_online line:361 [INFO]Online_Hybrid_Planning: Sum of privacy threat of replanned trajectory(occ_grid_known): 7.795674
[2020-05-28 14:19:32,838] HybridPlanning_SA_real.py->Astar_Hybrid_Planning_online line:362 [INFO]Online_Hybrid_Planning: Times of turning off camera of replanned trajectory: 0
[2020-05-28 14:19:32,881] HybridPlanning_SA_real.py->Astar_Hybrid_Planning_online line:377 [INFO]Online_Hybrid_Planning: Length of preplanned trajectory: 24
[2020-05-28 14:19:32,881] HybridPlanning_SA_real.py->Astar_Hybrid_Planning_online line:379 [INFO]Online_Hybrid_Planning: Sum of privacy threat of preplanned trajectory(occ_grid): 0.000000
[2020-05-28 14:19:32,882] HybridPlanning_SA_real.py->Astar_Hybrid_Planning_online line:381 [INFO]Online_Hybrid_Planning: Sum of privacy threat of preplanned trajectory(occ_grid_known): 14.686179
[2020-05-28 14:19:32,882] HybridPlanning_SA_real.py->Astar_Hybrid_Planning_online line:382 [INFO]Online_Hybrid_Planning: Times of turning off camera of preplanned trajectory: 0
