[2020-05-27 13:41:28,005] HybridPlanning_SA_real.py->Astar_Hybrid_Planning_online line:104 [INFO]current position of UAV: [0, 0, 9, 1]
[2020-05-27 13:41:28,006] demo6.py->hasprivacythreat_real line:206 [INFO]current position [0, 0, 9, 1]
[2020-05-27 13:41:28,006] demo6.py->hasprivacythreat_real line:217 [INFO]image index C:\Users\Lenovo\Documents\GitHub\UAV-hybrid-motion-planning-with-privacy-concerns\2020-UAV_Experiment_RealScenario\Privacy/pic5-4/1.jpg
[2020-05-27 13:41:36,082] HybridPlanning_SA_real.py->Astar_Hybrid_Planning_online line:104 [INFO]current position of UAV: [1, 0, 9, 1]
[2020-05-27 13:41:36,084] demo6.py->hasprivacythreat_real line:206 [INFO]current position [1, 0, 9, 1]
[2020-05-27 13:41:36,084] demo6.py->hasprivacythreat_real line:217 [INFO]image index C:\Users\Lenovo\Documents\GitHub\UAV-hybrid-motion-planning-with-privacy-concerns\2020-UAV_Experiment_RealScenario\Privacy/pic5-4/7.jpg
[2020-05-27 13:41:44,153] HybridPlanning_SA_real.py->Astar_Hybrid_Planning_online line:104 [INFO]current position of UAV: [2, 0, 9, 1]
[2020-05-27 13:41:44,153] demo6.py->hasprivacythreat_real line:206 [INFO]current position [2, 0, 9, 1]
[2020-05-27 13:41:44,153] demo6.py->hasprivacythreat_real line:217 [INFO]image index C:\Users\Lenovo\Documents\GitHub\UAV-hybrid-motion-planning-with-privacy-concerns\2020-UAV_Experiment_RealScenario\Privacy/pic5-4/13.jpg
[2020-05-27 13:41:52,221] HybridPlanning_SA_real.py->Astar_Hybrid_Planning_online line:104 [INFO]current position of UAV: [3, 0, 9, 1]
[2020-05-27 13:41:52,221] demo6.py->hasprivacythreat_real line:206 [INFO]current position [3, 0, 9, 1]
[2020-05-27 13:41:52,221] demo6.py->hasprivacythreat_real line:217 [INFO]image index C:\Users\Lenovo\Documents\GitHub\UAV-hybrid-motion-planning-with-privacy-concerns\2020-UAV_Experiment_RealScenario\Privacy/pic5-4/19.jpg
[2020-05-27 13:41:59,288] HybridPlanning_SA_real.py->Astar_Hybrid_Planning_online line:104 [INFO]current position of UAV: [3, 1, 9, 1]
[2020-05-27 13:41:59,288] demo6.py->hasprivacythreat_real line:206 [INFO]current position [3, 1, 9, 1]
[2020-05-27 13:41:59,289] demo6.py->hasprivacythreat_real line:217 [INFO]image index C:\Users\Lenovo\Documents\GitHub\UAV-hybrid-motion-planning-with-privacy-concerns\2020-UAV_Experiment_RealScenario\Privacy/pic5-4/25.jpg
[2020-05-27 13:42:06,360] HybridPlanning_SA_real.py->Astar_Hybrid_Planning_online line:104 [INFO]current position of UAV: [3, 2, 9, 1]
[2020-05-27 13:42:06,360] demo6.py->hasprivacythreat_real line:206 [INFO]current position [3, 2, 9, 1]
[2020-05-27 13:42:06,360] demo6.py->hasprivacythreat_real line:217 [INFO]image index C:\Users\Lenovo\Documents\GitHub\UAV-hybrid-motion-planning-with-privacy-concerns\2020-UAV_Experiment_RealScenario\Privacy/pic5-4/31.jpg
[2020-05-27 13:42:13,426] HybridPlanning_SA_real.py->Astar_Hybrid_Planning_online line:104 [INFO]current position of UAV: [3, 3, 9, 1]
[2020-05-27 13:42:13,426] demo6.py->hasprivacythreat_real line:206 [INFO]current position [3, 3, 9, 1]
[2020-05-27 13:42:13,426] demo6.py->hasprivacythreat_real line:217 [INFO]image index C:\Users\Lenovo\Documents\GitHub\UAV-hybrid-motion-planning-with-privacy-concerns\2020-UAV_Experiment_RealScenario\Privacy/pic5-4/37.jpg
[2020-05-27 13:42:20,493] HybridPlanning_SA_real.py->Astar_Hybrid_Planning_online line:104 [INFO]current position of UAV: [3, 4, 9, 1]
[2020-05-27 13:42:20,493] demo6.py->hasprivacythreat_real line:206 [INFO]current position [3, 4, 9, 1]
[2020-05-27 13:42:20,493] demo6.py->hasprivacythreat_real line:217 [INFO]image index C:\Users\Lenovo\Documents\GitHub\UAV-hybrid-motion-planning-with-privacy-concerns\2020-UAV_Experiment_RealScenario\Privacy/pic5-4/43.jpg
[2020-05-27 13:42:20,535] demo6.py->hasprivacythreat_real line:290 [INFO]threat position: [6, 10]
[2020-05-27 13:42:20,535] demo6.py->hasprivacythreat_real line:290 [INFO]threat position: [6, 9]
[2020-05-27 13:42:20,536] demo6.py->hasprivacythreat_real line:314 [INFO]center threat position: [6, 10]
[2020-05-27 13:42:20,558] HybridPlanning_SA_real.py->Astar_Hybrid_Planning_online line:185 [INFO]producing local planning
[2020-05-27 13:42:20,558] HybridPlanning_SA_real.py->Astar_Hybrid_Planning_online line:196 [INFO]affect_path:[from: 7 (3, 4, 9, 1) to: 12 (3, 9, 9, 1)]
[2020-05-27 13:42:34,746] HybridPlanning_SA_real.py->Astar_Hybrid_Planning_online line:104 [INFO]current position of UAV: [4, 4, 9, 1]
[2020-05-27 13:42:34,746] demo6.py->hasprivacythreat_real line:206 [INFO]current position [4, 4, 9, 1]
[2020-05-27 13:42:34,747] demo6.py->hasprivacythreat_real line:217 [INFO]image index C:\Users\Lenovo\Documents\GitHub\UAV-hybrid-motion-planning-with-privacy-concerns\2020-UAV_Experiment_RealScenario\Privacy/pic5-4/49.jpg
[2020-05-27 13:42:34,797] demo6.py->hasprivacythreat_real line:290 [INFO]threat position: [6, 10]
[2020-05-27 13:42:34,797] demo6.py->hasprivacythreat_real line:290 [INFO]threat position: [5, 10]
[2020-05-27 13:42:34,797] demo6.py->hasprivacythreat_real line:290 [INFO]threat position: [4, 10]
[2020-05-27 13:42:34,798] demo6.py->hasprivacythreat_real line:314 [INFO]center threat position: [5, 10]
[2020-05-27 13:42:42,842] HybridPlanning_SA_real.py->Astar_Hybrid_Planning_online line:104 [INFO]current position of UAV: [5, 4, 9, 1]
[2020-05-27 13:42:42,842] demo6.py->hasprivacythreat_real line:206 [INFO]current position [5, 4, 9, 1]
[2020-05-27 13:42:42,843] demo6.py->hasprivacythreat_real line:217 [INFO]image index C:\Users\Lenovo\Documents\GitHub\UAV-hybrid-motion-planning-with-privacy-concerns\2020-UAV_Experiment_RealScenario\Privacy/pic5-4/55.jpg
[2020-05-27 13:42:42,889] demo6.py->hasprivacythreat_real line:290 [INFO]threat position: [6, 8]
[2020-05-27 13:42:42,889] demo6.py->hasprivacythreat_real line:290 [INFO]threat position: [5, 8]
[2020-05-27 13:42:42,889] demo6.py->hasprivacythreat_real line:290 [INFO]threat position: [4, 8]
[2020-05-27 13:42:42,890] demo6.py->hasprivacythreat_real line:290 [INFO]threat position: [3, 8]
[2020-05-27 13:42:42,890] demo6.py->hasprivacythreat_real line:290 [INFO]threat position: [2, 8]
[2020-05-27 13:42:42,890] demo6.py->hasprivacythreat_real line:290 [INFO]threat position: [6, 7]
[2020-05-27 13:42:42,890] demo6.py->hasprivacythreat_real line:290 [INFO]threat position: [5, 7]
[2020-05-27 13:42:42,890] demo6.py->hasprivacythreat_real line:290 [INFO]threat position: [4, 7]
[2020-05-27 13:42:42,890] demo6.py->hasprivacythreat_real line:290 [INFO]threat position: [3, 7]
[2020-05-27 13:42:42,890] demo6.py->hasprivacythreat_real line:290 [INFO]threat position: [2, 7]
[2020-05-27 13:42:42,890] demo6.py->hasprivacythreat_real line:314 [INFO]center threat position: [4, 8]
[2020-05-27 13:42:49,936] HybridPlanning_SA_real.py->Astar_Hybrid_Planning_online line:104 [INFO]current position of UAV: [5, 5, 9, 1]
[2020-05-27 13:42:49,936] demo6.py->hasprivacythreat_real line:206 [INFO]current position [5, 5, 9, 1]
[2020-05-27 13:42:49,936] demo6.py->hasprivacythreat_real line:217 [INFO]image index C:\Users\Lenovo\Documents\GitHub\UAV-hybrid-motion-planning-with-privacy-concerns\2020-UAV_Experiment_RealScenario\Privacy/pic5-4/61.jpg
[2020-05-27 13:42:49,983] demo6.py->hasprivacythreat_real line:290 [INFO]threat position: [3, 8]
[2020-05-27 13:42:49,984] demo6.py->hasprivacythreat_real line:290 [INFO]threat position: [7, 7]
[2020-05-27 13:42:49,984] demo6.py->hasprivacythreat_real line:290 [INFO]threat position: [6, 7]
[2020-05-27 13:42:49,984] demo6.py->hasprivacythreat_real line:290 [INFO]threat position: [5, 7]
[2020-05-27 13:42:49,984] demo6.py->hasprivacythreat_real line:290 [INFO]threat position: [4, 7]
[2020-05-27 13:42:49,984] demo6.py->hasprivacythreat_real line:290 [INFO]threat position: [3, 7]
[2020-05-27 13:42:49,984] demo6.py->hasprivacythreat_real line:314 [INFO]center threat position: [5, 7]
[2020-05-27 13:42:57,027] HybridPlanning_SA_real.py->Astar_Hybrid_Planning_online line:104 [INFO]current position of UAV: [5, 6, 9, 1]
[2020-05-27 13:42:57,027] demo6.py->hasprivacythreat_real line:206 [INFO]current position [5, 6, 9, 1]
[2020-05-27 13:42:57,027] demo6.py->hasprivacythreat_real line:217 [INFO]image index C:\Users\Lenovo\Documents\GitHub\UAV-hybrid-motion-planning-with-privacy-concerns\2020-UAV_Experiment_RealScenario\Privacy/pic5-4/67.jpg
[2020-05-27 13:42:57,072] demo6.py->hasprivacythreat_real line:290 [INFO]threat position: [7, 8]
[2020-05-27 13:42:57,072] demo6.py->hasprivacythreat_real line:290 [INFO]threat position: [6, 8]
[2020-05-27 13:42:57,072] demo6.py->hasprivacythreat_real line:290 [INFO]threat position: [5, 8]
[2020-05-27 13:42:57,072] demo6.py->hasprivacythreat_real line:290 [INFO]threat position: [4, 8]
[2020-05-27 13:42:57,073] demo6.py->hasprivacythreat_real line:314 [INFO]center threat position: [5, 8]
[2020-05-27 13:42:57,095] HybridPlanning_SA_real.py->Astar_Hybrid_Planning_online line:185 [INFO]producing local planning
[2020-05-27 13:42:57,095] HybridPlanning_SA_real.py->Astar_Hybrid_Planning_online line:196 [INFO]affect_path:[from: 15 (4, 9, 9, 1) to: 17 (3, 10, 9, 1)]
[2020-05-27 13:43:04,229] HybridPlanning_SA_real.py->Astar_Hybrid_Planning_online line:104 [INFO]current position of UAV: [5, 7, 9, 1]
[2020-05-27 13:43:04,229] demo6.py->hasprivacythreat_real line:206 [INFO]current position [5, 7, 9, 1]
[2020-05-27 13:43:04,229] demo6.py->hasprivacythreat_real line:217 [INFO]image index C:\Users\Lenovo\Documents\GitHub\UAV-hybrid-motion-planning-with-privacy-concerns\2020-UAV_Experiment_RealScenario\Privacy/pic5-4/73.jpg
[2020-05-27 13:43:04,277] demo6.py->hasprivacythreat_real line:290 [INFO]threat position: [8, 8]
[2020-05-27 13:43:04,277] demo6.py->hasprivacythreat_real line:290 [INFO]threat position: [7, 8]
[2020-05-27 13:43:04,277] demo6.py->hasprivacythreat_real line:290 [INFO]threat position: [6, 8]
[2020-05-27 13:43:04,278] demo6.py->hasprivacythreat_real line:290 [INFO]threat position: [5, 8]
[2020-05-27 13:43:04,278] demo6.py->hasprivacythreat_real line:314 [INFO]center threat position: [6, 8]
[2020-05-27 13:43:04,300] HybridPlanning_SA_real.py->Astar_Hybrid_Planning_online line:185 [INFO]producing local planning
[2020-05-27 13:43:04,300] HybridPlanning_SA_real.py->Astar_Hybrid_Planning_online line:196 [INFO]affect_path:[from: 16 (4, 10, 9, 1) to: 18 (3, 11, 9, 1)]
[2020-05-27 13:43:12,432] HybridPlanning_SA_real.py->Astar_Hybrid_Planning_online line:104 [INFO]current position of UAV: [4, 7, 9, 1]
[2020-05-27 13:43:12,432] demo6.py->hasprivacythreat_real line:206 [INFO]current position [4, 7, 9, 1]
[2020-05-27 13:43:12,432] demo6.py->hasprivacythreat_real line:217 [INFO]image index C:\Users\Lenovo\Documents\GitHub\UAV-hybrid-motion-planning-with-privacy-concerns\2020-UAV_Experiment_RealScenario\Privacy/pic5-4/79.jpg
[2020-05-27 13:43:12,476] demo6.py->hasprivacythreat_real line:290 [INFO]threat position: [6, 8]
[2020-05-27 13:43:12,477] demo6.py->hasprivacythreat_real line:290 [INFO]threat position: [5, 8]
[2020-05-27 13:43:12,477] demo6.py->hasprivacythreat_real line:314 [INFO]center threat position: [5, 8]
[2020-05-27 13:43:19,512] HybridPlanning_SA_real.py->Astar_Hybrid_Planning_online line:104 [INFO]current position of UAV: [4, 8, 9, 1]
[2020-05-27 13:43:19,512] demo6.py->hasprivacythreat_real line:206 [INFO]current position [4, 8, 9, 1]
[2020-05-27 13:43:19,512] demo6.py->hasprivacythreat_real line:217 [INFO]image index C:\Users\Lenovo\Documents\GitHub\UAV-hybrid-motion-planning-with-privacy-concerns\2020-UAV_Experiment_RealScenario\Privacy/pic5-4/85.jpg
[2020-05-27 13:43:19,555] demo6.py->hasprivacythreat_real line:290 [INFO]threat position: [6, 11]
[2020-05-27 13:43:19,556] demo6.py->hasprivacythreat_real line:314 [INFO]center threat position: [6, 11]
[2020-05-27 13:43:26,591] HybridPlanning_SA_real.py->Astar_Hybrid_Planning_online line:104 [INFO]current position of UAV: [4, 9, 9, 1]
[2020-05-27 13:43:26,591] demo6.py->hasprivacythreat_real line:206 [INFO]current position [4, 9, 9, 1]
[2020-05-27 13:43:26,592] demo6.py->hasprivacythreat_real line:217 [INFO]image index C:\Users\Lenovo\Documents\GitHub\UAV-hybrid-motion-planning-with-privacy-concerns\2020-UAV_Experiment_RealScenario\Privacy/pic5-4/91.jpg
[2020-05-27 13:43:33,670] HybridPlanning_SA_real.py->Astar_Hybrid_Planning_online line:104 [INFO]current position of UAV: [4, 10, 9, 1]
[2020-05-27 13:43:33,670] demo6.py->hasprivacythreat_real line:206 [INFO]current position [4, 10, 9, 1]
[2020-05-27 13:43:33,670] demo6.py->hasprivacythreat_real line:217 [INFO]image index C:\Users\Lenovo\Documents\GitHub\UAV-hybrid-motion-planning-with-privacy-concerns\2020-UAV_Experiment_RealScenario\Privacy/pic5-4/97.jpg
[2020-05-27 13:43:40,736] HybridPlanning_SA_real.py->Astar_Hybrid_Planning_online line:104 [INFO]current position of UAV: [4, 11, 9, 1]
[2020-05-27 13:43:40,736] demo6.py->hasprivacythreat_real line:206 [INFO]current position [4, 11, 9, 1]
[2020-05-27 13:43:40,736] demo6.py->hasprivacythreat_real line:217 [INFO]image index C:\Users\Lenovo\Documents\GitHub\UAV-hybrid-motion-planning-with-privacy-concerns\2020-UAV_Experiment_RealScenario\Privacy/pic5-4/103.jpg
[2020-05-27 13:43:48,795] HybridPlanning_SA_real.py->Astar_Hybrid_Planning_online line:104 [INFO]current position of UAV: [3, 11, 9, 1]
[2020-05-27 13:43:48,795] demo6.py->hasprivacythreat_real line:206 [INFO]current position [3, 11, 9, 1]
[2020-05-27 13:43:48,795] demo6.py->hasprivacythreat_real line:217 [INFO]image index C:\Users\Lenovo\Documents\GitHub\UAV-hybrid-motion-planning-with-privacy-concerns\2020-UAV_Experiment_RealScenario\Privacy/pic5-4/109.jpg
[2020-05-27 13:43:55,857] HybridPlanning_SA_real.py->Astar_Hybrid_Planning_online line:104 [INFO]current position of UAV: [3, 12, 9, 1]
[2020-05-27 13:43:55,857] demo6.py->hasprivacythreat_real line:206 [INFO]current position [3, 12, 9, 1]
[2020-05-27 13:43:55,857] demo6.py->hasprivacythreat_real line:217 [INFO]image index C:\Users\Lenovo\Documents\GitHub\UAV-hybrid-motion-planning-with-privacy-concerns\2020-UAV_Experiment_RealScenario\Privacy/pic5-4/115.jpg
[2020-05-27 13:44:02,914] HybridPlanning_SA_real.py->Astar_Hybrid_Planning_online line:104 [INFO]current position of UAV: [3, 13, 9, 1]
[2020-05-27 13:44:02,914] demo6.py->hasprivacythreat_real line:206 [INFO]current position [3, 13, 9, 1]
[2020-05-27 13:44:02,914] demo6.py->hasprivacythreat_real line:217 [INFO]image index C:\Users\Lenovo\Documents\GitHub\UAV-hybrid-motion-planning-with-privacy-concerns\2020-UAV_Experiment_RealScenario\Privacy/pic5-4/121.jpg
[2020-05-27 13:44:09,973] HybridPlanning_SA_real.py->Astar_Hybrid_Planning_online line:104 [INFO]current position of UAV: [3, 14, 9, 1]
[2020-05-27 13:44:09,973] demo6.py->hasprivacythreat_real line:206 [INFO]current position [3, 14, 9, 1]
[2020-05-27 13:44:09,973] demo6.py->hasprivacythreat_real line:217 [INFO]image index C:\Users\Lenovo\Documents\GitHub\UAV-hybrid-motion-planning-with-privacy-concerns\2020-UAV_Experiment_RealScenario\Privacy/pic5-4/127.jpg
[2020-05-27 13:44:17,027] HybridPlanning_SA_real.py->Astar_Hybrid_Planning_online line:104 [INFO]current position of UAV: [3, 15, 9, 1]
[2020-05-27 13:44:17,027] demo6.py->hasprivacythreat_real line:206 [INFO]current position [3, 15, 9, 1]
[2020-05-27 13:44:17,027] demo6.py->hasprivacythreat_real line:217 [INFO]image index C:\Users\Lenovo\Documents\GitHub\UAV-hybrid-motion-planning-with-privacy-concerns\2020-UAV_Experiment_RealScenario\Privacy/pic5-4/133.jpg
[2020-05-27 13:44:24,084] HybridPlanning_SA_real.py->Astar_Hybrid_Planning_online line:104 [INFO]current position of UAV: [3, 16, 9, 1]
[2020-05-27 13:44:24,084] demo6.py->hasprivacythreat_real line:206 [INFO]current position [3, 16, 9, 1]
[2020-05-27 13:44:24,084] demo6.py->hasprivacythreat_real line:217 [INFO]image index C:\Users\Lenovo\Documents\GitHub\UAV-hybrid-motion-planning-with-privacy-concerns\2020-UAV_Experiment_RealScenario\Privacy/pic5-4/139.jpg
[2020-05-27 13:44:31,138] HybridPlanning_SA_real.py->Astar_Hybrid_Planning_online line:104 [INFO]current position of UAV: [3, 17, 9, 1]
[2020-05-27 13:44:31,138] demo6.py->hasprivacythreat_real line:206 [INFO]current position [3, 17, 9, 1]
[2020-05-27 13:44:31,138] demo6.py->hasprivacythreat_real line:217 [INFO]image index C:\Users\Lenovo\Documents\GitHub\UAV-hybrid-motion-planning-with-privacy-concerns\2020-UAV_Experiment_RealScenario\Privacy/pic5-4/145.jpg
[2020-05-27 13:44:38,191] HybridPlanning_SA_real.py->Astar_Hybrid_Planning_online line:104 [INFO]current position of UAV: [3, 18, 9, 1]
[2020-05-27 13:44:38,191] demo6.py->hasprivacythreat_real line:206 [INFO]current position [3, 18, 9, 1]
[2020-05-27 13:44:38,192] demo6.py->hasprivacythreat_real line:217 [INFO]image index C:\Users\Lenovo\Documents\GitHub\UAV-hybrid-motion-planning-with-privacy-concerns\2020-UAV_Experiment_RealScenario\Privacy/pic5-4/151.jpg
[2020-05-27 13:44:46,251] HybridPlanning_SA_real.py->Astar_Hybrid_Planning_online line:104 [INFO]current position of UAV: [2, 18, 9, 1]
[2020-05-27 13:44:46,251] demo6.py->hasprivacythreat_real line:206 [INFO]current position [2, 18, 9, 1]
[2020-05-27 13:44:46,251] demo6.py->hasprivacythreat_real line:217 [INFO]image index C:\Users\Lenovo\Documents\GitHub\UAV-hybrid-motion-planning-with-privacy-concerns\2020-UAV_Experiment_RealScenario\Privacy/pic5-4/157.jpg
[2020-05-27 13:44:54,309] HybridPlanning_SA_real.py->Astar_Hybrid_Planning_online line:104 [INFO]current position of UAV: [1, 18, 9, 1]
[2020-05-27 13:44:54,309] demo6.py->hasprivacythreat_real line:206 [INFO]current position [1, 18, 9, 1]
[2020-05-27 13:44:54,310] demo6.py->hasprivacythreat_real line:217 [INFO]image index C:\Users\Lenovo\Documents\GitHub\UAV-hybrid-motion-planning-with-privacy-concerns\2020-UAV_Experiment_RealScenario\Privacy/pic5-4/163.jpg
[2020-05-27 13:45:02,377] HybridPlanning_SA_real.py->Astar_Hybrid_Planning_online line:104 [INFO]current position of UAV: [0, 18, 9, 1]
[2020-05-27 13:45:02,378] HybridPlanning_SA_real.py->Astar_Hybrid_Planning_online line:312 [INFO]Online_Hybrid_Planning: Replanning times: 3
[2020-05-27 13:45:02,378] HybridPlanning_SA_real.py->Astar_Hybrid_Planning_online line:314 [INFO]Online_Hybrid_Planning: No solution times: 0
[2020-05-27 13:45:02,379] HybridPlanning_SA_real.py->Astar_Hybrid_Planning_online line:316 [INFO]Online_Hybrid_Planning: Execution time: 214.372875
[2020-05-27 13:45:02,382] HybridPlanning_SA_real.py->Astar_Hybrid_Planning_online line:340 [INFO]Online_Hybrid_Planning: Exploration rate: 0.775000
[2020-05-27 13:45:02,436] HybridPlanning_SA_real.py->Astar_Hybrid_Planning_online line:357 [INFO]Online_Hybrid_Planning: Length of replanned trajectory: 28
[2020-05-27 13:45:02,436] HybridPlanning_SA_real.py->Astar_Hybrid_Planning_online line:359 [INFO]Online_Hybrid_Planning: Sum of privacy threat of replanned trajectory(occ_grid): 0.000000
[2020-05-27 13:45:02,436] HybridPlanning_SA_real.py->Astar_Hybrid_Planning_online line:361 [INFO]Online_Hybrid_Planning: Sum of privacy threat of replanned trajectory(occ_grid_known): 7.795674
[2020-05-27 13:45:02,436] HybridPlanning_SA_real.py->Astar_Hybrid_Planning_online line:362 [INFO]Online_Hybrid_Planning: Times of turning off camera of replanned trajectory: 0
[2020-05-27 13:45:02,479] HybridPlanning_SA_real.py->Astar_Hybrid_Planning_online line:377 [INFO]Online_Hybrid_Planning: Length of preplanned trajectory: 24
[2020-05-27 13:45:02,480] HybridPlanning_SA_real.py->Astar_Hybrid_Planning_online line:379 [INFO]Online_Hybrid_Planning: Sum of privacy threat of preplanned trajectory(occ_grid): 0.000000
[2020-05-27 13:45:02,480] HybridPlanning_SA_real.py->Astar_Hybrid_Planning_online line:381 [INFO]Online_Hybrid_Planning: Sum of privacy threat of preplanned trajectory(occ_grid_known): 14.686179
[2020-05-27 13:45:02,480] HybridPlanning_SA_real.py->Astar_Hybrid_Planning_online line:382 [INFO]Online_Hybrid_Planning: Times of turning off camera of preplanned trajectory: 0
