[2020-05-26 18:06:12,428] HybridPlanning_SA_real.py->Astar_Hybrid_Planning_online line:104 [INFO]current position of UAV: [0, 0, 9, 1]
[2020-05-26 18:06:12,428] demo6.py->hasprivacythreat_real line:206 [INFO]current position [0, 0, 9, 1]
[2020-05-26 18:06:12,428] demo6.py->hasprivacythreat_real line:217 [INFO]image index C:\Users\Lenovo\Documents\GitHub\UAV-hybrid-motion-planning-with-privacy-concerns\2020-UAV_Experiment_RealScenario\Privacy/pic5-4/1.jpg
[2020-05-26 18:06:20,511] HybridPlanning_SA_real.py->Astar_Hybrid_Planning_online line:104 [INFO]current position of UAV: [1, 0, 9, 1]
[2020-05-26 18:06:20,513] demo6.py->hasprivacythreat_real line:206 [INFO]current position [1, 0, 9, 1]
[2020-05-26 18:06:20,513] demo6.py->hasprivacythreat_real line:217 [INFO]image index C:\Users\Lenovo\Documents\GitHub\UAV-hybrid-motion-planning-with-privacy-concerns\2020-UAV_Experiment_RealScenario\Privacy/pic5-4/7.jpg
[2020-05-26 18:06:28,581] HybridPlanning_SA_real.py->Astar_Hybrid_Planning_online line:104 [INFO]current position of UAV: [2, 0, 9, 1]
[2020-05-26 18:06:28,581] demo6.py->hasprivacythreat_real line:206 [INFO]current position [2, 0, 9, 1]
[2020-05-26 18:06:28,582] demo6.py->hasprivacythreat_real line:217 [INFO]image index C:\Users\Lenovo\Documents\GitHub\UAV-hybrid-motion-planning-with-privacy-concerns\2020-UAV_Experiment_RealScenario\Privacy/pic5-4/13.jpg
[2020-05-26 18:06:36,653] HybridPlanning_SA_real.py->Astar_Hybrid_Planning_online line:104 [INFO]current position of UAV: [3, 0, 9, 1]
[2020-05-26 18:06:36,653] demo6.py->hasprivacythreat_real line:206 [INFO]current position [3, 0, 9, 1]
[2020-05-26 18:06:36,653] demo6.py->hasprivacythreat_real line:217 [INFO]image index C:\Users\Lenovo\Documents\GitHub\UAV-hybrid-motion-planning-with-privacy-concerns\2020-UAV_Experiment_RealScenario\Privacy/pic5-4/19.jpg
[2020-05-26 18:06:43,719] HybridPlanning_SA_real.py->Astar_Hybrid_Planning_online line:104 [INFO]current position of UAV: [3, 1, 9, 1]
[2020-05-26 18:06:43,719] demo6.py->hasprivacythreat_real line:206 [INFO]current position [3, 1, 9, 1]
[2020-05-26 18:06:43,719] demo6.py->hasprivacythreat_real line:217 [INFO]image index C:\Users\Lenovo\Documents\GitHub\UAV-hybrid-motion-planning-with-privacy-concerns\2020-UAV_Experiment_RealScenario\Privacy/pic5-4/25.jpg
[2020-05-26 18:06:58,785] HybridPlanning_SA_real.py->Astar_Hybrid_Planning_online line:104 [INFO]current position of UAV: [3, 2, 9, 1]
[2020-05-26 18:06:58,786] demo6.py->hasprivacythreat_real line:206 [INFO]current position [3, 2, 9, 1]
[2020-05-26 18:06:58,786] demo6.py->hasprivacythreat_real line:217 [INFO]image index C:\Users\Lenovo\Documents\GitHub\UAV-hybrid-motion-planning-with-privacy-concerns\2020-UAV_Experiment_RealScenario\Privacy/pic5-4/31.jpg
[2020-05-26 18:07:05,851] HybridPlanning_SA_real.py->Astar_Hybrid_Planning_online line:104 [INFO]current position of UAV: [3, 3, 9, 1]
[2020-05-26 18:07:05,851] demo6.py->hasprivacythreat_real line:206 [INFO]current position [3, 3, 9, 1]
[2020-05-26 18:07:05,851] demo6.py->hasprivacythreat_real line:217 [INFO]image index C:\Users\Lenovo\Documents\GitHub\UAV-hybrid-motion-planning-with-privacy-concerns\2020-UAV_Experiment_RealScenario\Privacy/pic5-4/37.jpg
[2020-05-26 18:07:12,917] HybridPlanning_SA_real.py->Astar_Hybrid_Planning_online line:104 [INFO]current position of UAV: [3, 4, 9, 1]
[2020-05-26 18:07:12,917] demo6.py->hasprivacythreat_real line:206 [INFO]current position [3, 4, 9, 1]
[2020-05-26 18:07:12,917] demo6.py->hasprivacythreat_real line:217 [INFO]image index C:\Users\Lenovo\Documents\GitHub\UAV-hybrid-motion-planning-with-privacy-concerns\2020-UAV_Experiment_RealScenario\Privacy/pic5-4/43.jpg
[2020-05-26 18:07:12,965] demo6.py->hasprivacythreat_real line:290 [INFO]threat position: [6, 10]
[2020-05-26 18:07:12,965] demo6.py->hasprivacythreat_real line:290 [INFO]threat position: [6, 9]
[2020-05-26 18:07:12,966] demo6.py->hasprivacythreat_real line:314 [INFO]center threat position: [6, 10]
[2020-05-26 18:07:12,991] HybridPlanning_SA_real.py->Astar_Hybrid_Planning_online line:185 [INFO]producing local planning
[2020-05-26 18:07:12,991] HybridPlanning_SA_real.py->Astar_Hybrid_Planning_online line:196 [INFO]affect_path:[from: 7 (3, 4, 9, 1) to: 12 (3, 9, 9, 1)]
[2020-05-26 18:07:21,760] HybridPlanning_SA_real.py->Astar_Hybrid_Planning_online line:104 [INFO]current position of UAV: [4, 4, 9, 1]
[2020-05-26 18:07:21,760] demo6.py->hasprivacythreat_real line:206 [INFO]current position [4, 4, 9, 1]
[2020-05-26 18:07:21,761] demo6.py->hasprivacythreat_real line:217 [INFO]image index C:\Users\Lenovo\Documents\GitHub\UAV-hybrid-motion-planning-with-privacy-concerns\2020-UAV_Experiment_RealScenario\Privacy/pic5-4/49.jpg
[2020-05-26 18:07:21,807] demo6.py->hasprivacythreat_real line:290 [INFO]threat position: [6, 10]
[2020-05-26 18:07:21,807] demo6.py->hasprivacythreat_real line:290 [INFO]threat position: [5, 10]
[2020-05-26 18:07:21,807] demo6.py->hasprivacythreat_real line:290 [INFO]threat position: [4, 10]
[2020-05-26 18:07:21,808] demo6.py->hasprivacythreat_real line:314 [INFO]center threat position: [5, 10]
[2020-05-26 18:07:29,854] HybridPlanning_SA_real.py->Astar_Hybrid_Planning_online line:104 [INFO]current position of UAV: [5, 4, 9, 1]
[2020-05-26 18:07:29,854] demo6.py->hasprivacythreat_real line:206 [INFO]current position [5, 4, 9, 1]
[2020-05-26 18:07:29,854] demo6.py->hasprivacythreat_real line:217 [INFO]image index C:\Users\Lenovo\Documents\GitHub\UAV-hybrid-motion-planning-with-privacy-concerns\2020-UAV_Experiment_RealScenario\Privacy/pic5-4/55.jpg
[2020-05-26 18:07:29,895] demo6.py->hasprivacythreat_real line:290 [INFO]threat position: [6, 8]
[2020-05-26 18:07:29,895] demo6.py->hasprivacythreat_real line:290 [INFO]threat position: [5, 8]
[2020-05-26 18:07:29,895] demo6.py->hasprivacythreat_real line:290 [INFO]threat position: [4, 8]
[2020-05-26 18:07:29,896] demo6.py->hasprivacythreat_real line:290 [INFO]threat position: [3, 8]
[2020-05-26 18:07:29,896] demo6.py->hasprivacythreat_real line:290 [INFO]threat position: [2, 8]
[2020-05-26 18:07:29,896] demo6.py->hasprivacythreat_real line:290 [INFO]threat position: [6, 7]
[2020-05-26 18:07:29,896] demo6.py->hasprivacythreat_real line:290 [INFO]threat position: [5, 7]
[2020-05-26 18:07:29,896] demo6.py->hasprivacythreat_real line:290 [INFO]threat position: [4, 7]
[2020-05-26 18:07:29,896] demo6.py->hasprivacythreat_real line:290 [INFO]threat position: [3, 7]
[2020-05-26 18:07:29,896] demo6.py->hasprivacythreat_real line:290 [INFO]threat position: [2, 7]
[2020-05-26 18:07:29,896] demo6.py->hasprivacythreat_real line:314 [INFO]center threat position: [4, 8]
[2020-05-26 18:07:36,942] HybridPlanning_SA_real.py->Astar_Hybrid_Planning_online line:104 [INFO]current position of UAV: [5, 5, 9, 1]
[2020-05-26 18:07:36,942] demo6.py->hasprivacythreat_real line:206 [INFO]current position [5, 5, 9, 1]
[2020-05-26 18:07:36,942] demo6.py->hasprivacythreat_real line:217 [INFO]image index C:\Users\Lenovo\Documents\GitHub\UAV-hybrid-motion-planning-with-privacy-concerns\2020-UAV_Experiment_RealScenario\Privacy/pic5-4/61.jpg
[2020-05-26 18:07:36,985] demo6.py->hasprivacythreat_real line:290 [INFO]threat position: [3, 8]
[2020-05-26 18:07:36,986] demo6.py->hasprivacythreat_real line:290 [INFO]threat position: [7, 7]
[2020-05-26 18:07:36,986] demo6.py->hasprivacythreat_real line:290 [INFO]threat position: [6, 7]
[2020-05-26 18:07:36,986] demo6.py->hasprivacythreat_real line:290 [INFO]threat position: [5, 7]
[2020-05-26 18:07:36,986] demo6.py->hasprivacythreat_real line:290 [INFO]threat position: [4, 7]
[2020-05-26 18:07:36,986] demo6.py->hasprivacythreat_real line:290 [INFO]threat position: [3, 7]
[2020-05-26 18:07:36,986] demo6.py->hasprivacythreat_real line:314 [INFO]center threat position: [5, 7]
[2020-05-26 18:07:44,029] HybridPlanning_SA_real.py->Astar_Hybrid_Planning_online line:104 [INFO]current position of UAV: [5, 6, 9, 1]
[2020-05-26 18:07:44,029] demo6.py->hasprivacythreat_real line:206 [INFO]current position [5, 6, 9, 1]
[2020-05-26 18:07:44,029] demo6.py->hasprivacythreat_real line:217 [INFO]image index C:\Users\Lenovo\Documents\GitHub\UAV-hybrid-motion-planning-with-privacy-concerns\2020-UAV_Experiment_RealScenario\Privacy/pic5-4/67.jpg
[2020-05-26 18:07:44,070] demo6.py->hasprivacythreat_real line:290 [INFO]threat position: [7, 8]
[2020-05-26 18:07:44,070] demo6.py->hasprivacythreat_real line:290 [INFO]threat position: [6, 8]
[2020-05-26 18:07:44,070] demo6.py->hasprivacythreat_real line:290 [INFO]threat position: [5, 8]
[2020-05-26 18:07:44,070] demo6.py->hasprivacythreat_real line:290 [INFO]threat position: [4, 8]
[2020-05-26 18:07:44,070] demo6.py->hasprivacythreat_real line:314 [INFO]center threat position: [5, 8]
[2020-05-26 18:07:44,093] HybridPlanning_SA_real.py->Astar_Hybrid_Planning_online line:185 [INFO]producing local planning
[2020-05-26 18:07:44,093] HybridPlanning_SA_real.py->Astar_Hybrid_Planning_online line:196 [INFO]affect_path:[from: 15 (4, 9, 9, 1) to: 17 (3, 10, 9, 1)]
[2020-05-26 18:07:51,168] HybridPlanning_SA_real.py->Astar_Hybrid_Planning_online line:104 [INFO]current position of UAV: [5, 7, 9, 1]
[2020-05-26 18:07:51,168] demo6.py->hasprivacythreat_real line:206 [INFO]current position [5, 7, 9, 1]
[2020-05-26 18:07:51,169] demo6.py->hasprivacythreat_real line:217 [INFO]image index C:\Users\Lenovo\Documents\GitHub\UAV-hybrid-motion-planning-with-privacy-concerns\2020-UAV_Experiment_RealScenario\Privacy/pic5-4/73.jpg
[2020-05-26 18:07:51,217] demo6.py->hasprivacythreat_real line:290 [INFO]threat position: [8, 8]
[2020-05-26 18:07:51,217] demo6.py->hasprivacythreat_real line:290 [INFO]threat position: [7, 8]
[2020-05-26 18:07:51,217] demo6.py->hasprivacythreat_real line:290 [INFO]threat position: [6, 8]
[2020-05-26 18:07:51,217] demo6.py->hasprivacythreat_real line:290 [INFO]threat position: [5, 8]
[2020-05-26 18:07:51,217] demo6.py->hasprivacythreat_real line:314 [INFO]center threat position: [6, 8]
[2020-05-26 18:07:51,239] HybridPlanning_SA_real.py->Astar_Hybrid_Planning_online line:185 [INFO]producing local planning
[2020-05-26 18:07:51,239] HybridPlanning_SA_real.py->Astar_Hybrid_Planning_online line:196 [INFO]affect_path:[from: 16 (4, 10, 9, 1) to: 18 (3, 11, 9, 1)]
[2020-05-26 18:07:59,309] HybridPlanning_SA_real.py->Astar_Hybrid_Planning_online line:104 [INFO]current position of UAV: [4, 7, 9, 1]
[2020-05-26 18:07:59,309] demo6.py->hasprivacythreat_real line:206 [INFO]current position [4, 7, 9, 1]
[2020-05-26 18:07:59,309] demo6.py->hasprivacythreat_real line:217 [INFO]image index C:\Users\Lenovo\Documents\GitHub\UAV-hybrid-motion-planning-with-privacy-concerns\2020-UAV_Experiment_RealScenario\Privacy/pic5-4/79.jpg
[2020-05-26 18:07:59,351] demo6.py->hasprivacythreat_real line:290 [INFO]threat position: [6, 8]
[2020-05-26 18:07:59,351] demo6.py->hasprivacythreat_real line:290 [INFO]threat position: [5, 8]
[2020-05-26 18:07:59,351] demo6.py->hasprivacythreat_real line:314 [INFO]center threat position: [5, 8]
[2020-05-26 18:08:06,387] HybridPlanning_SA_real.py->Astar_Hybrid_Planning_online line:104 [INFO]current position of UAV: [4, 8, 9, 1]
[2020-05-26 18:08:06,387] demo6.py->hasprivacythreat_real line:206 [INFO]current position [4, 8, 9, 1]
[2020-05-26 18:08:06,387] demo6.py->hasprivacythreat_real line:217 [INFO]image index C:\Users\Lenovo\Documents\GitHub\UAV-hybrid-motion-planning-with-privacy-concerns\2020-UAV_Experiment_RealScenario\Privacy/pic5-4/85.jpg
[2020-05-26 18:08:06,431] demo6.py->hasprivacythreat_real line:290 [INFO]threat position: [6, 11]
[2020-05-26 18:08:06,432] demo6.py->hasprivacythreat_real line:314 [INFO]center threat position: [6, 11]
[2020-05-26 18:08:13,464] HybridPlanning_SA_real.py->Astar_Hybrid_Planning_online line:104 [INFO]current position of UAV: [4, 9, 9, 1]
[2020-05-26 18:08:13,464] demo6.py->hasprivacythreat_real line:206 [INFO]current position [4, 9, 9, 1]
[2020-05-26 18:08:13,465] demo6.py->hasprivacythreat_real line:217 [INFO]image index C:\Users\Lenovo\Documents\GitHub\UAV-hybrid-motion-planning-with-privacy-concerns\2020-UAV_Experiment_RealScenario\Privacy/pic5-4/91.jpg
[2020-05-26 18:08:20,541] HybridPlanning_SA_real.py->Astar_Hybrid_Planning_online line:104 [INFO]current position of UAV: [4, 10, 9, 1]
[2020-05-26 18:08:20,541] demo6.py->hasprivacythreat_real line:206 [INFO]current position [4, 10, 9, 1]
[2020-05-26 18:08:20,541] demo6.py->hasprivacythreat_real line:217 [INFO]image index C:\Users\Lenovo\Documents\GitHub\UAV-hybrid-motion-planning-with-privacy-concerns\2020-UAV_Experiment_RealScenario\Privacy/pic5-4/97.jpg
[2020-05-26 18:08:27,602] HybridPlanning_SA_real.py->Astar_Hybrid_Planning_online line:104 [INFO]current position of UAV: [4, 11, 9, 1]
[2020-05-26 18:08:27,602] demo6.py->hasprivacythreat_real line:206 [INFO]current position [4, 11, 9, 1]
[2020-05-26 18:08:27,602] demo6.py->hasprivacythreat_real line:217 [INFO]image index C:\Users\Lenovo\Documents\GitHub\UAV-hybrid-motion-planning-with-privacy-concerns\2020-UAV_Experiment_RealScenario\Privacy/pic5-4/103.jpg
[2020-05-26 18:08:35,670] HybridPlanning_SA_real.py->Astar_Hybrid_Planning_online line:104 [INFO]current position of UAV: [3, 11, 9, 1]
[2020-05-26 18:08:35,670] demo6.py->hasprivacythreat_real line:206 [INFO]current position [3, 11, 9, 1]
[2020-05-26 18:08:35,670] demo6.py->hasprivacythreat_real line:217 [INFO]image index C:\Users\Lenovo\Documents\GitHub\UAV-hybrid-motion-planning-with-privacy-concerns\2020-UAV_Experiment_RealScenario\Privacy/pic5-4/109.jpg
[2020-05-26 18:08:42,728] HybridPlanning_SA_real.py->Astar_Hybrid_Planning_online line:104 [INFO]current position of UAV: [3, 12, 9, 1]
[2020-05-26 18:08:42,728] demo6.py->hasprivacythreat_real line:206 [INFO]current position [3, 12, 9, 1]
[2020-05-26 18:08:42,729] demo6.py->hasprivacythreat_real line:217 [INFO]image index C:\Users\Lenovo\Documents\GitHub\UAV-hybrid-motion-planning-with-privacy-concerns\2020-UAV_Experiment_RealScenario\Privacy/pic5-4/115.jpg
[2020-05-26 18:08:49,791] HybridPlanning_SA_real.py->Astar_Hybrid_Planning_online line:104 [INFO]current position of UAV: [3, 13, 9, 1]
[2020-05-26 18:08:49,791] demo6.py->hasprivacythreat_real line:206 [INFO]current position [3, 13, 9, 1]
[2020-05-26 18:08:49,791] demo6.py->hasprivacythreat_real line:217 [INFO]image index C:\Users\Lenovo\Documents\GitHub\UAV-hybrid-motion-planning-with-privacy-concerns\2020-UAV_Experiment_RealScenario\Privacy/pic5-4/121.jpg
[2020-05-26 18:08:56,847] HybridPlanning_SA_real.py->Astar_Hybrid_Planning_online line:104 [INFO]current position of UAV: [3, 14, 9, 1]
[2020-05-26 18:08:56,847] demo6.py->hasprivacythreat_real line:206 [INFO]current position [3, 14, 9, 1]
[2020-05-26 18:08:56,847] demo6.py->hasprivacythreat_real line:217 [INFO]image index C:\Users\Lenovo\Documents\GitHub\UAV-hybrid-motion-planning-with-privacy-concerns\2020-UAV_Experiment_RealScenario\Privacy/pic5-4/127.jpg
[2020-05-26 18:09:03,902] HybridPlanning_SA_real.py->Astar_Hybrid_Planning_online line:104 [INFO]current position of UAV: [3, 15, 9, 1]
[2020-05-26 18:09:03,902] demo6.py->hasprivacythreat_real line:206 [INFO]current position [3, 15, 9, 1]
[2020-05-26 18:09:03,902] demo6.py->hasprivacythreat_real line:217 [INFO]image index C:\Users\Lenovo\Documents\GitHub\UAV-hybrid-motion-planning-with-privacy-concerns\2020-UAV_Experiment_RealScenario\Privacy/pic5-4/133.jpg
[2020-05-26 18:09:10,956] HybridPlanning_SA_real.py->Astar_Hybrid_Planning_online line:104 [INFO]current position of UAV: [3, 16, 9, 1]
[2020-05-26 18:09:10,956] demo6.py->hasprivacythreat_real line:206 [INFO]current position [3, 16, 9, 1]
[2020-05-26 18:09:10,957] demo6.py->hasprivacythreat_real line:217 [INFO]image index C:\Users\Lenovo\Documents\GitHub\UAV-hybrid-motion-planning-with-privacy-concerns\2020-UAV_Experiment_RealScenario\Privacy/pic5-4/139.jpg
[2020-05-26 18:09:18,013] HybridPlanning_SA_real.py->Astar_Hybrid_Planning_online line:104 [INFO]current position of UAV: [3, 17, 9, 1]
[2020-05-26 18:09:18,013] demo6.py->hasprivacythreat_real line:206 [INFO]current position [3, 17, 9, 1]
[2020-05-26 18:09:18,013] demo6.py->hasprivacythreat_real line:217 [INFO]image index C:\Users\Lenovo\Documents\GitHub\UAV-hybrid-motion-planning-with-privacy-concerns\2020-UAV_Experiment_RealScenario\Privacy/pic5-4/145.jpg
[2020-05-26 18:09:25,072] HybridPlanning_SA_real.py->Astar_Hybrid_Planning_online line:104 [INFO]current position of UAV: [3, 18, 9, 1]
[2020-05-26 18:09:25,072] demo6.py->hasprivacythreat_real line:206 [INFO]current position [3, 18, 9, 1]
[2020-05-26 18:09:25,073] demo6.py->hasprivacythreat_real line:217 [INFO]image index C:\Users\Lenovo\Documents\GitHub\UAV-hybrid-motion-planning-with-privacy-concerns\2020-UAV_Experiment_RealScenario\Privacy/pic5-4/151.jpg
[2020-05-26 18:09:33,126] HybridPlanning_SA_real.py->Astar_Hybrid_Planning_online line:104 [INFO]current position of UAV: [2, 18, 9, 1]
[2020-05-26 18:09:33,126] demo6.py->hasprivacythreat_real line:206 [INFO]current position [2, 18, 9, 1]
[2020-05-26 18:09:33,126] demo6.py->hasprivacythreat_real line:217 [INFO]image index C:\Users\Lenovo\Documents\GitHub\UAV-hybrid-motion-planning-with-privacy-concerns\2020-UAV_Experiment_RealScenario\Privacy/pic5-4/157.jpg
[2020-05-26 18:09:41,181] HybridPlanning_SA_real.py->Astar_Hybrid_Planning_online line:104 [INFO]current position of UAV: [1, 18, 9, 1]
[2020-05-26 18:09:41,181] demo6.py->hasprivacythreat_real line:206 [INFO]current position [1, 18, 9, 1]
[2020-05-26 18:09:41,182] demo6.py->hasprivacythreat_real line:217 [INFO]image index C:\Users\Lenovo\Documents\GitHub\UAV-hybrid-motion-planning-with-privacy-concerns\2020-UAV_Experiment_RealScenario\Privacy/pic5-4/163.jpg
[2020-05-26 18:09:49,236] HybridPlanning_SA_real.py->Astar_Hybrid_Planning_online line:104 [INFO]current position of UAV: [0, 18, 9, 1]
[2020-05-26 18:09:49,237] HybridPlanning_SA_real.py->Astar_Hybrid_Planning_online line:312 [INFO]Online_Hybrid_Planning: Replanning times: 3
[2020-05-26 18:09:49,237] HybridPlanning_SA_real.py->Astar_Hybrid_Planning_online line:314 [INFO]Online_Hybrid_Planning: No solution times: 0
[2020-05-26 18:09:49,237] HybridPlanning_SA_real.py->Astar_Hybrid_Planning_online line:316 [INFO]Online_Hybrid_Planning: Execution time: 216.809424
[2020-05-26 18:09:49,239] HybridPlanning_SA_real.py->Astar_Hybrid_Planning_online line:340 [INFO]Online_Hybrid_Planning: Exploration rate: 0.775000
[2020-05-26 18:09:49,291] HybridPlanning_SA_real.py->Astar_Hybrid_Planning_online line:357 [INFO]Online_Hybrid_Planning: Length of replanned trajectory: 28
[2020-05-26 18:09:49,291] HybridPlanning_SA_real.py->Astar_Hybrid_Planning_online line:359 [INFO]Online_Hybrid_Planning: Sum of privacy threat of replanned trajectory(occ_grid): 0.000000
[2020-05-26 18:09:49,291] HybridPlanning_SA_real.py->Astar_Hybrid_Planning_online line:361 [INFO]Online_Hybrid_Planning: Sum of privacy threat of replanned trajectory(occ_grid_known): 7.795674
[2020-05-26 18:09:49,291] HybridPlanning_SA_real.py->Astar_Hybrid_Planning_online line:362 [INFO]Online_Hybrid_Planning: Times of turning off camera of replanned trajectory: 0
[2020-05-26 18:09:49,331] HybridPlanning_SA_real.py->Astar_Hybrid_Planning_online line:377 [INFO]Online_Hybrid_Planning: Length of preplanned trajectory: 24
[2020-05-26 18:09:49,332] HybridPlanning_SA_real.py->Astar_Hybrid_Planning_online line:379 [INFO]Online_Hybrid_Planning: Sum of privacy threat of preplanned trajectory(occ_grid): 0.000000
[2020-05-26 18:09:49,332] HybridPlanning_SA_real.py->Astar_Hybrid_Planning_online line:381 [INFO]Online_Hybrid_Planning: Sum of privacy threat of preplanned trajectory(occ_grid_known): 14.686179
[2020-05-26 18:09:49,332] HybridPlanning_SA_real.py->Astar_Hybrid_Planning_online line:382 [INFO]Online_Hybrid_Planning: Times of turning off camera of preplanned trajectory: 0
