[2020-01-07 15:27:04,505] HybridPlanning_SA_real.py->Astar_Hybrid_Planning_online line:104 [INFO]current position of UAV: [0, 0, 7, 1]
[2020-01-07 15:27:04,505] demo6.py->hasprivacythreat_real line:219 [INFO]image index /home/kids/1/25.jpg
[2020-01-07 15:27:24,559] HybridPlanning_SA_real.py->Astar_Hybrid_Planning_online line:104 [INFO]current position of UAV: [1, 0, 7, 1]
[2020-01-07 15:27:24,560] demo6.py->hasprivacythreat_real line:219 [INFO]image index /home/kids/1/36.jpg
[2020-01-07 15:27:44,123] HybridPlanning_SA_real.py->Astar_Hybrid_Planning_online line:104 [INFO]current position of UAV: [2, 0, 7, 1]
[2020-01-07 15:27:44,124] demo6.py->hasprivacythreat_real line:219 [INFO]image index /home/kids/1/47.jpg
[2020-01-07 15:28:03,523] HybridPlanning_SA_real.py->Astar_Hybrid_Planning_online line:104 [INFO]current position of UAV: [3, 0, 7, 1]
[2020-01-07 15:28:03,524] demo6.py->hasprivacythreat_real line:219 [INFO]image index /home/kids/1/59.jpg
[2020-01-07 15:28:21,924] HybridPlanning_SA_real.py->Astar_Hybrid_Planning_online line:104 [INFO]current position of UAV: [3, 1, 7, 1]
[2020-01-07 15:28:21,925] demo6.py->hasprivacythreat_real line:219 [INFO]image index /home/kids/1/69.jpg
[2020-01-07 15:28:48,540] HybridPlanning_SA_real.py->Astar_Hybrid_Planning_online line:104 [INFO]current position of UAV: [3, 2, 7, 1]
[2020-01-07 15:28:48,542] demo6.py->hasprivacythreat_real line:219 [INFO]image index /home/kids/1/86.jpg
[2020-01-07 15:28:59,803] demo6.py->hasprivacythreat_real line:292 [INFO]threat position: [3, 9]
[2020-01-07 15:28:59,804] demo6.py->hasprivacythreat_real line:316 [INFO]center threat position: [3, 8]
[2020-01-07 15:28:59,909] HybridPlanning_SA_real.py->Astar_Hybrid_Planning_online line:185 [INFO]producing local planning
[2020-01-07 15:28:59,909] HybridPlanning_SA_real.py->Astar_Hybrid_Planning_online line:196 [INFO]affect_path:[from: 5 (3, 2, 7, 1) to: 10 (3, 7, 7, 1)]
[2020-01-07 15:29:08,233] HybridPlanning_SA_real.py->Astar_Hybrid_Planning_online line:248 [INFO]Online_Hybrid_Planning: No solution for local planning: from [3, 2, 7] to [3, 7, 7]. No solution flag is 1, PR for PP is 0.184324. length of PP is 7, T plan optimal is 5
[2020-01-07 15:29:43,925] HybridPlanning_SA_real.py->Astar_Hybrid_Planning_online line:104 [INFO]current position of UAV: [4, 2, 7, 2]
[2020-01-07 15:29:50,935] HybridPlanning_SA_real.py->Astar_Hybrid_Planning_online line:104 [INFO]current position of UAV: [4, 3, 7, 2]
[2020-01-07 15:29:57,943] HybridPlanning_SA_real.py->Astar_Hybrid_Planning_online line:104 [INFO]current position of UAV: [4, 4, 7, 2]
[2020-01-07 15:30:04,952] HybridPlanning_SA_real.py->Astar_Hybrid_Planning_online line:104 [INFO]current position of UAV: [4, 5, 7, 2]
[2020-01-07 15:30:11,963] HybridPlanning_SA_real.py->Astar_Hybrid_Planning_online line:104 [INFO]current position of UAV: [4, 6, 7, 2]
[2020-01-07 15:30:18,972] HybridPlanning_SA_real.py->Astar_Hybrid_Planning_online line:104 [INFO]current position of UAV: [4, 7, 7, 1]
[2020-01-07 15:30:18,974] demo6.py->hasprivacythreat_real line:219 [INFO]image index /home/kids/1/156.jpg
[2020-01-07 15:30:38,283] HybridPlanning_SA_real.py->Astar_Hybrid_Planning_online line:104 [INFO]current position of UAV: [3, 7, 7, 1]
[2020-01-07 15:30:38,285] demo6.py->hasprivacythreat_real line:219 [INFO]image index /home/kids/1/169.jpg
[2020-01-07 15:30:56,555] HybridPlanning_SA_real.py->Astar_Hybrid_Planning_online line:104 [INFO]current position of UAV: [3, 8, 7, 1]
[2020-01-07 15:30:56,558] demo6.py->hasprivacythreat_real line:219 [INFO]image index /home/kids/1/181.jpg
[2020-01-07 15:31:14,719] HybridPlanning_SA_real.py->Astar_Hybrid_Planning_online line:104 [INFO]current position of UAV: [3, 9, 7, 1]
[2020-01-07 15:31:14,740] demo6.py->hasprivacythreat_real line:219 [INFO]image index /home/kids/1/192.jpg
[2020-01-07 15:31:33,029] HybridPlanning_SA_real.py->Astar_Hybrid_Planning_online line:104 [INFO]current position of UAV: [3, 10, 7, 1]
[2020-01-07 15:31:33,032] demo6.py->hasprivacythreat_real line:219 [INFO]image index /home/kids/1/205.jpg
[2020-01-07 15:31:51,280] HybridPlanning_SA_real.py->Astar_Hybrid_Planning_online line:104 [INFO]current position of UAV: [3, 11, 7, 1]
[2020-01-07 15:31:51,282] demo6.py->hasprivacythreat_real line:219 [INFO]image index /home/kids/1/216.jpg
[2020-01-07 15:32:09,464] HybridPlanning_SA_real.py->Astar_Hybrid_Planning_online line:104 [INFO]current position of UAV: [3, 12, 7, 1]
[2020-01-07 15:32:09,467] demo6.py->hasprivacythreat_real line:219 [INFO]image index /home/kids/1/228.jpg
[2020-01-07 15:32:27,684] HybridPlanning_SA_real.py->Astar_Hybrid_Planning_online line:104 [INFO]current position of UAV: [3, 13, 7, 1]
[2020-01-07 15:32:27,687] demo6.py->hasprivacythreat_real line:219 [INFO]image index /home/kids/1/241.jpg
[2020-01-07 15:32:45,703] HybridPlanning_SA_real.py->Astar_Hybrid_Planning_online line:104 [INFO]current position of UAV: [3, 14, 7, 1]
[2020-01-07 15:32:45,707] demo6.py->hasprivacythreat_real line:219 [INFO]image index /home/kids/1/253.jpg
