[2020-01-08 23:17:14,656] HybridPlanning_SA_real.py->Astar_Hybrid_Planning_online line:104 [INFO]current position of UAV: [0, 0, 7, 1]
[2020-01-08 23:17:14,656] demo6.py->hasprivacythreat_real line:219 [INFO]image index C:\Users\luoyixing\Documents\GitHub\UAV-hybrid-motion-planning-with-privacy-concerns\UAV_Experiment_RealScenario_new/pic0108/17.jpg
[2020-01-08 23:17:22,756] HybridPlanning_SA_real.py->Astar_Hybrid_Planning_online line:104 [INFO]current position of UAV: [1, 0, 7, 1]
[2020-01-08 23:17:22,756] demo6.py->hasprivacythreat_real line:219 [INFO]image index C:\Users\luoyixing\Documents\GitHub\UAV-hybrid-motion-planning-with-privacy-concerns\UAV_Experiment_RealScenario_new/pic0108/23.jpg
[2020-01-08 23:17:30,853] HybridPlanning_SA_real.py->Astar_Hybrid_Planning_online line:104 [INFO]current position of UAV: [2, 0, 7, 1]
[2020-01-08 23:17:30,853] demo6.py->hasprivacythreat_real line:219 [INFO]image index C:\Users\luoyixing\Documents\GitHub\UAV-hybrid-motion-planning-with-privacy-concerns\UAV_Experiment_RealScenario_new/pic0108/29.jpg
[2020-01-08 23:17:38,948] HybridPlanning_SA_real.py->Astar_Hybrid_Planning_online line:104 [INFO]current position of UAV: [3, 0, 7, 1]
[2020-01-08 23:17:38,948] demo6.py->hasprivacythreat_real line:219 [INFO]image index C:\Users\luoyixing\Documents\GitHub\UAV-hybrid-motion-planning-with-privacy-concerns\UAV_Experiment_RealScenario_new/pic0108/36.jpg
[2020-01-08 23:17:46,054] HybridPlanning_SA_real.py->Astar_Hybrid_Planning_online line:104 [INFO]current position of UAV: [3, 1, 7, 1]
[2020-01-08 23:17:46,054] demo6.py->hasprivacythreat_real line:219 [INFO]image index C:\Users\luoyixing\Documents\GitHub\UAV-hybrid-motion-planning-with-privacy-concerns\UAV_Experiment_RealScenario_new/pic0108/43.jpg
[2020-01-08 23:18:01,177] HybridPlanning_SA_real.py->Astar_Hybrid_Planning_online line:104 [INFO]current position of UAV: [3, 2, 7, 1]
[2020-01-08 23:18:01,178] demo6.py->hasprivacythreat_real line:219 [INFO]image index C:\Users\luoyixing\Documents\GitHub\UAV-hybrid-motion-planning-with-privacy-concerns\UAV_Experiment_RealScenario_new/pic0108/56.jpg
[2020-01-08 23:18:08,279] HybridPlanning_SA_real.py->Astar_Hybrid_Planning_online line:104 [INFO]current position of UAV: [3, 3, 7, 1]
[2020-01-08 23:18:08,279] demo6.py->hasprivacythreat_real line:219 [INFO]image index C:\Users\luoyixing\Documents\GitHub\UAV-hybrid-motion-planning-with-privacy-concerns\UAV_Experiment_RealScenario_new/pic0108/62.jpg
[2020-01-08 23:18:15,363] HybridPlanning_SA_real.py->Astar_Hybrid_Planning_online line:104 [INFO]current position of UAV: [3, 4, 7, 1]
[2020-01-08 23:18:15,363] demo6.py->hasprivacythreat_real line:219 [INFO]image index C:\Users\luoyixing\Documents\GitHub\UAV-hybrid-motion-planning-with-privacy-concerns\UAV_Experiment_RealScenario_new/pic0108/68.jpg
[2020-01-08 23:18:22,483] HybridPlanning_SA_real.py->Astar_Hybrid_Planning_online line:104 [INFO]current position of UAV: [3, 5, 7, 1]
[2020-01-08 23:18:22,483] demo6.py->hasprivacythreat_real line:219 [INFO]image index C:\Users\luoyixing\Documents\GitHub\UAV-hybrid-motion-planning-with-privacy-concerns\UAV_Experiment_RealScenario_new/pic0108/73.jpg
[2020-01-08 23:18:22,551] demo6.py->hasprivacythreat_real line:292 [INFO]threat position: [7, 9]
[2020-01-08 23:18:22,551] demo6.py->hasprivacythreat_real line:292 [INFO]threat position: [7, 8]
[2020-01-08 23:18:22,552] demo6.py->hasprivacythreat_real line:292 [INFO]threat position: [6, 5]
[2020-01-08 23:18:22,552] demo6.py->hasprivacythreat_real line:316 [INFO]center threat position: [7, 7]
[2020-01-08 23:18:22,574] HybridPlanning_SA_real.py->Astar_Hybrid_Planning_online line:185 [INFO]producing local planning
[2020-01-08 23:18:22,574] HybridPlanning_SA_real.py->Astar_Hybrid_Planning_online line:196 [INFO]affect_path:[from: 8 (3, 5, 7, 1) to: 13 (3, 10, 7, 1)]
[2020-01-08 23:18:25,752] HybridPlanning_SA_real.py->Astar_Hybrid_Planning_online line:248 [INFO]Online_Hybrid_Planning: No solution for local planning: from [3, 5, 7] to [3, 10, 7]. No solution flag is 1, PR for PP is 0.054947. length of PP is 7, T plan optimal is 5
[2020-01-08 23:18:47,468] HybridPlanning_SA_real.py->Astar_Hybrid_Planning_online line:104 [INFO]current position of UAV: [4, 5, 7, 2]
[2020-01-08 23:18:54,471] HybridPlanning_SA_real.py->Astar_Hybrid_Planning_online line:104 [INFO]current position of UAV: [4, 6, 7, 2]
[2020-01-08 23:19:01,473] HybridPlanning_SA_real.py->Astar_Hybrid_Planning_online line:104 [INFO]current position of UAV: [4, 7, 7, 2]
[2020-01-08 23:19:08,476] HybridPlanning_SA_real.py->Astar_Hybrid_Planning_online line:104 [INFO]current position of UAV: [4, 8, 7, 2]
[2020-01-08 23:19:15,479] HybridPlanning_SA_real.py->Astar_Hybrid_Planning_online line:104 [INFO]current position of UAV: [4, 9, 7, 2]
[2020-01-08 23:19:22,484] HybridPlanning_SA_real.py->Astar_Hybrid_Planning_online line:104 [INFO]current position of UAV: [4, 10, 7, 2]
[2020-01-08 23:19:30,487] HybridPlanning_SA_real.py->Astar_Hybrid_Planning_online line:104 [INFO]current position of UAV: [3, 10, 7, 1]
