[2020-01-12 14:27:28,750] HybridPlanning_SA_real.py->Astar_Hybrid_Planning_online line:104 [INFO]current position of UAV: [0, 0, 7, 1]
[2020-01-12 14:27:28,750] demo6.py->hasprivacythreat_real line:219 [INFO]image index /home/kids/1/10.jpg
[2020-01-12 14:27:36,931] HybridPlanning_SA_real.py->Astar_Hybrid_Planning_online line:104 [INFO]current position of UAV: [1, 0, 7, 1]
[2020-01-12 14:27:36,932] demo6.py->hasprivacythreat_real line:219 [INFO]image index /home/kids/1/15.jpg
[2020-01-12 14:27:45,115] HybridPlanning_SA_real.py->Astar_Hybrid_Planning_online line:104 [INFO]current position of UAV: [2, 0, 7, 1]
[2020-01-12 14:27:45,116] demo6.py->hasprivacythreat_real line:219 [INFO]image index /home/kids/1/21.jpg
[2020-01-12 14:27:53,299] HybridPlanning_SA_real.py->Astar_Hybrid_Planning_online line:104 [INFO]current position of UAV: [3, 0, 7, 1]
[2020-01-12 14:27:53,300] demo6.py->hasprivacythreat_real line:219 [INFO]image index /home/kids/1/27.jpg
[2020-01-12 14:28:00,475] HybridPlanning_SA_real.py->Astar_Hybrid_Planning_online line:104 [INFO]current position of UAV: [3, 1, 7, 1]
[2020-01-12 14:28:00,476] demo6.py->hasprivacythreat_real line:219 [INFO]image index /home/kids/1/32.jpg
[2020-01-12 14:28:15,677] HybridPlanning_SA_real.py->Astar_Hybrid_Planning_online line:104 [INFO]current position of UAV: [3, 2, 7, 1]
[2020-01-12 14:28:15,678] demo6.py->hasprivacythreat_real line:219 [INFO]image index /home/kids/1/44.jpg
[2020-01-12 14:28:15,800] demo6.py->hasprivacythreat_real line:292 [INFO]threat position: [3, 9]
[2020-01-12 14:28:15,800] demo6.py->hasprivacythreat_real line:292 [INFO]threat position: [3, 8]
[2020-01-12 14:28:15,800] demo6.py->hasprivacythreat_real line:292 [INFO]threat position: [3, 7]
[2020-01-12 14:28:15,801] demo6.py->hasprivacythreat_real line:316 [INFO]center threat position: [3, 8]
[2020-01-12 14:28:15,844] HybridPlanning_SA_real.py->Astar_Hybrid_Planning_online line:185 [INFO]producing local planning
[2020-01-12 14:28:15,844] HybridPlanning_SA_real.py->Astar_Hybrid_Planning_online line:196 [INFO]affect_path:[from: 5 (3, 2, 7, 1) to: 9 (3, 6, 7, 1)]
[2020-01-12 14:28:20,010] HybridPlanning_SA_real.py->Astar_Hybrid_Planning_online line:248 [INFO]Online_Hybrid_Planning: No solution for local planning: from [3, 2, 7] to [3, 6, 7]. No solution flag is 1, PR for PP is 0.054947. length of PP is 6, T plan optimal is 4
[2020-01-12 14:28:42,763] HybridPlanning_SA_real.py->Astar_Hybrid_Planning_online line:104 [INFO]current position of UAV: [3, 3, 7, 2]
[2020-01-12 14:28:49,771] HybridPlanning_SA_real.py->Astar_Hybrid_Planning_online line:104 [INFO]current position of UAV: [3, 4, 7, 2]
[2020-01-12 14:28:56,779] HybridPlanning_SA_real.py->Astar_Hybrid_Planning_online line:104 [INFO]current position of UAV: [3, 5, 7, 2]
[2020-01-12 14:29:03,791] HybridPlanning_SA_real.py->Astar_Hybrid_Planning_online line:104 [INFO]current position of UAV: [3, 6, 7, 1]
[2020-01-12 14:29:03,792] demo6.py->hasprivacythreat_real line:219 [INFO]image index /home/kids/1/86.jpg
[2020-01-12 14:29:03,898] demo6.py->hasprivacythreat_real line:292 [INFO]threat position: [7, 8]
[2020-01-12 14:29:03,899] demo6.py->hasprivacythreat_real line:292 [INFO]threat position: [6, 8]
[2020-01-12 14:29:03,899] demo6.py->hasprivacythreat_real line:292 [INFO]threat position: [5, 8]
[2020-01-12 14:29:03,899] demo6.py->hasprivacythreat_real line:292 [INFO]threat position: [4, 8]
[2020-01-12 14:29:03,899] demo6.py->hasprivacythreat_real line:292 [INFO]threat position: [7, 7]
[2020-01-12 14:29:03,899] demo6.py->hasprivacythreat_real line:292 [INFO]threat position: [6, 7]
[2020-01-12 14:29:03,899] demo6.py->hasprivacythreat_real line:292 [INFO]threat position: [5, 7]
[2020-01-12 14:29:03,899] demo6.py->hasprivacythreat_real line:292 [INFO]threat position: [4, 7]
[2020-01-12 14:29:03,900] demo6.py->hasprivacythreat_real line:316 [INFO]center threat position: [5, 7]
[2020-01-12 14:29:03,933] HybridPlanning_SA_real.py->Astar_Hybrid_Planning_online line:185 [INFO]producing local planning
[2020-01-12 14:29:03,933] HybridPlanning_SA_real.py->Astar_Hybrid_Planning_online line:196 [INFO]affect_path:[from: 9 (3, 6, 7, 1) to: 13 (3, 10, 7, 1)]
[2020-01-12 14:29:08,866] HybridPlanning_SA_real.py->Astar_Hybrid_Planning_online line:248 [INFO]Online_Hybrid_Planning: No solution for local planning: from [3, 6, 7] to [3, 10, 7]. No solution flag is 1, PR for PP is 0.109894. length of PP is 6, T plan optimal is 4
[2020-01-12 14:29:26,246] HybridPlanning_SA_real.py->Astar_Hybrid_Planning_online line:104 [INFO]current position of UAV: [3, 7, 7, 2]
[2020-01-12 14:29:33,255] HybridPlanning_SA_real.py->Astar_Hybrid_Planning_online line:104 [INFO]current position of UAV: [3, 8, 7, 2]
[2020-01-12 14:29:40,263] HybridPlanning_SA_real.py->Astar_Hybrid_Planning_online line:104 [INFO]current position of UAV: [3, 9, 7, 2]
[2020-01-12 14:29:47,271] HybridPlanning_SA_real.py->Astar_Hybrid_Planning_online line:104 [INFO]current position of UAV: [3, 10, 7, 1]
[2020-01-12 14:29:47,273] demo6.py->hasprivacythreat_real line:219 [INFO]image index /home/kids/1/124.jpg
[2020-01-12 14:29:54,399] HybridPlanning_SA_real.py->Astar_Hybrid_Planning_online line:104 [INFO]current position of UAV: [3, 11, 7, 1]
[2020-01-12 14:29:54,401] demo6.py->hasprivacythreat_real line:219 [INFO]image index /home/kids/1/130.jpg
[2020-01-12 14:30:01,528] HybridPlanning_SA_real.py->Astar_Hybrid_Planning_online line:104 [INFO]current position of UAV: [3, 12, 7, 1]
[2020-01-12 14:30:01,530] demo6.py->hasprivacythreat_real line:219 [INFO]image index /home/kids/1/135.jpg
[2020-01-12 14:30:08,656] HybridPlanning_SA_real.py->Astar_Hybrid_Planning_online line:104 [INFO]current position of UAV: [3, 13, 7, 1]
[2020-01-12 14:30:08,658] demo6.py->hasprivacythreat_real line:219 [INFO]image index /home/kids/1/140.jpg
[2020-01-12 14:30:15,794] HybridPlanning_SA_real.py->Astar_Hybrid_Planning_online line:104 [INFO]current position of UAV: [3, 14, 7, 1]
[2020-01-12 14:30:15,795] demo6.py->hasprivacythreat_real line:219 [INFO]image index /home/kids/1/145.jpg
[2020-01-12 14:30:23,886] HybridPlanning_SA_real.py->Astar_Hybrid_Planning_online line:104 [INFO]current position of UAV: [2, 14, 7, 1]
[2020-01-12 14:30:23,888] demo6.py->hasprivacythreat_real line:219 [INFO]image index /home/kids/1/150.jpg
