[2020-05-27 13:36:28,935] HybridPlanning_SA_real.py->Astar_Hybrid_Planning_online line:104 [INFO]current position of UAV: [0, 0, 9, 1]
[2020-05-27 13:36:28,935] demo6.py->hasprivacythreat_real line:206 [INFO]current position [0, 0, 9, 1]
[2020-05-27 13:36:28,935] demo6.py->hasprivacythreat_real line:217 [INFO]image index C:\Users\Lenovo\Documents\GitHub\UAV-hybrid-motion-planning-with-privacy-concerns\2020-UAV_Experiment_RealScenario\Privacy/pic5-4/1.jpg
[2020-05-27 13:36:37,017] HybridPlanning_SA_real.py->Astar_Hybrid_Planning_online line:104 [INFO]current position of UAV: [1, 0, 9, 1]
[2020-05-27 13:36:37,019] demo6.py->hasprivacythreat_real line:206 [INFO]current position [1, 0, 9, 1]
[2020-05-27 13:36:37,019] demo6.py->hasprivacythreat_real line:217 [INFO]image index C:\Users\Lenovo\Documents\GitHub\UAV-hybrid-motion-planning-with-privacy-concerns\2020-UAV_Experiment_RealScenario\Privacy/pic5-4/7.jpg
[2020-05-27 13:36:45,089] HybridPlanning_SA_real.py->Astar_Hybrid_Planning_online line:104 [INFO]current position of UAV: [2, 0, 9, 1]
[2020-05-27 13:36:45,089] demo6.py->hasprivacythreat_real line:206 [INFO]current position [2, 0, 9, 1]
[2020-05-27 13:36:45,089] demo6.py->hasprivacythreat_real line:217 [INFO]image index C:\Users\Lenovo\Documents\GitHub\UAV-hybrid-motion-planning-with-privacy-concerns\2020-UAV_Experiment_RealScenario\Privacy/pic5-4/13.jpg
[2020-05-27 13:36:53,156] HybridPlanning_SA_real.py->Astar_Hybrid_Planning_online line:104 [INFO]current position of UAV: [3, 0, 9, 1]
[2020-05-27 13:36:53,156] demo6.py->hasprivacythreat_real line:206 [INFO]current position [3, 0, 9, 1]
[2020-05-27 13:36:53,156] demo6.py->hasprivacythreat_real line:217 [INFO]image index C:\Users\Lenovo\Documents\GitHub\UAV-hybrid-motion-planning-with-privacy-concerns\2020-UAV_Experiment_RealScenario\Privacy/pic5-4/19.jpg
[2020-05-27 13:37:00,225] HybridPlanning_SA_real.py->Astar_Hybrid_Planning_online line:104 [INFO]current position of UAV: [3, 1, 9, 1]
[2020-05-27 13:37:00,225] demo6.py->hasprivacythreat_real line:206 [INFO]current position [3, 1, 9, 1]
[2020-05-27 13:37:00,225] demo6.py->hasprivacythreat_real line:217 [INFO]image index C:\Users\Lenovo\Documents\GitHub\UAV-hybrid-motion-planning-with-privacy-concerns\2020-UAV_Experiment_RealScenario\Privacy/pic5-4/25.jpg
[2020-05-27 13:37:07,295] HybridPlanning_SA_real.py->Astar_Hybrid_Planning_online line:104 [INFO]current position of UAV: [3, 2, 9, 1]
[2020-05-27 13:37:07,295] demo6.py->hasprivacythreat_real line:206 [INFO]current position [3, 2, 9, 1]
[2020-05-27 13:37:07,295] demo6.py->hasprivacythreat_real line:217 [INFO]image index C:\Users\Lenovo\Documents\GitHub\UAV-hybrid-motion-planning-with-privacy-concerns\2020-UAV_Experiment_RealScenario\Privacy/pic5-4/31.jpg
[2020-05-27 13:37:14,360] HybridPlanning_SA_real.py->Astar_Hybrid_Planning_online line:104 [INFO]current position of UAV: [3, 3, 9, 1]
[2020-05-27 13:37:14,360] demo6.py->hasprivacythreat_real line:206 [INFO]current position [3, 3, 9, 1]
[2020-05-27 13:37:14,360] demo6.py->hasprivacythreat_real line:217 [INFO]image index C:\Users\Lenovo\Documents\GitHub\UAV-hybrid-motion-planning-with-privacy-concerns\2020-UAV_Experiment_RealScenario\Privacy/pic5-4/37.jpg
[2020-05-27 13:37:21,426] HybridPlanning_SA_real.py->Astar_Hybrid_Planning_online line:104 [INFO]current position of UAV: [3, 4, 9, 1]
[2020-05-27 13:37:21,426] demo6.py->hasprivacythreat_real line:206 [INFO]current position [3, 4, 9, 1]
[2020-05-27 13:37:21,427] demo6.py->hasprivacythreat_real line:217 [INFO]image index C:\Users\Lenovo\Documents\GitHub\UAV-hybrid-motion-planning-with-privacy-concerns\2020-UAV_Experiment_RealScenario\Privacy/pic5-4/43.jpg
[2020-05-27 13:37:21,472] demo6.py->hasprivacythreat_real line:290 [INFO]threat position: [6, 10]
[2020-05-27 13:37:21,472] demo6.py->hasprivacythreat_real line:290 [INFO]threat position: [6, 9]
[2020-05-27 13:37:21,472] demo6.py->hasprivacythreat_real line:314 [INFO]center threat position: [6, 10]
[2020-05-27 13:37:21,496] HybridPlanning_SA_real.py->Astar_Hybrid_Planning_online line:185 [INFO]producing local planning
[2020-05-27 13:37:21,496] HybridPlanning_SA_real.py->Astar_Hybrid_Planning_online line:196 [INFO]affect_path:[from: 7 (3, 4, 9, 1) to: 12 (3, 9, 9, 1)]
[2020-05-27 13:37:24,799] HybridPlanning_SA_real.py->Astar_Hybrid_Planning_online line:248 [INFO]Online_Hybrid_Planning: No solution for local planning: from [3, 4, 9] to [3, 9, 9]. No solution flag is 1, PR for PP is 0.054947. length of PP is 7, T plan optimal is 5
[2020-05-27 13:37:45,234] HybridPlanning_SA_real.py->Astar_Hybrid_Planning_online line:104 [INFO]current position of UAV: [4, 4, 9, 2]
[2020-05-27 13:37:52,235] HybridPlanning_SA_real.py->Astar_Hybrid_Planning_online line:104 [INFO]current position of UAV: [4, 5, 9, 2]
[2020-05-27 13:37:59,237] HybridPlanning_SA_real.py->Astar_Hybrid_Planning_online line:104 [INFO]current position of UAV: [4, 6, 9, 2]
[2020-05-27 13:38:06,239] HybridPlanning_SA_real.py->Astar_Hybrid_Planning_online line:104 [INFO]current position of UAV: [4, 7, 9, 2]
[2020-05-27 13:38:13,240] HybridPlanning_SA_real.py->Astar_Hybrid_Planning_online line:104 [INFO]current position of UAV: [4, 8, 9, 2]
[2020-05-27 13:38:20,243] HybridPlanning_SA_real.py->Astar_Hybrid_Planning_online line:104 [INFO]current position of UAV: [4, 9, 9, 1]
[2020-05-27 13:38:20,243] demo6.py->hasprivacythreat_real line:206 [INFO]current position [4, 9, 9, 1]
[2020-05-27 13:38:20,243] demo6.py->hasprivacythreat_real line:217 [INFO]image index C:\Users\Lenovo\Documents\GitHub\UAV-hybrid-motion-planning-with-privacy-concerns\2020-UAV_Experiment_RealScenario\Privacy/pic5-4/79.jpg
[2020-05-27 13:38:20,333] demo6.py->hasprivacythreat_real line:290 [INFO]threat position: [8, 8]
[2020-05-27 13:38:20,333] demo6.py->hasprivacythreat_real line:290 [INFO]threat position: [7, 8]
[2020-05-27 13:38:20,333] demo6.py->hasprivacythreat_real line:314 [INFO]center threat position: [7, 8]
[2020-05-27 13:38:20,351] HybridPlanning_SA_real.py->Astar_Hybrid_Planning_online line:185 [INFO]producing local planning
[2020-05-27 13:38:20,351] HybridPlanning_SA_real.py->Astar_Hybrid_Planning_online line:196 [INFO]affect_path:[from: 13 (4, 9, 9, 1) to: 16 (3, 11, 9, 1)]
[2020-05-27 13:38:20,710] HybridPlanning_SA_real.py->Astar_Hybrid_Planning_online line:248 [INFO]Online_Hybrid_Planning: No solution for local planning: from [4, 9, 9] to [3, 11, 9]. No solution flag is 2, PR for PP is 0.000000. length of PP is 3, T plan optimal is 1
[2020-05-27 13:38:29,069] HybridPlanning_SA_real.py->Astar_Hybrid_Planning_online line:104 [INFO]current position of UAV: [4, 10, 9, 2]
[2020-05-27 13:38:36,076] HybridPlanning_SA_real.py->Astar_Hybrid_Planning_online line:104 [INFO]current position of UAV: [4, 11, 9, 1]
[2020-05-27 13:38:36,076] demo6.py->hasprivacythreat_real line:206 [INFO]current position [4, 11, 9, 1]
[2020-05-27 13:38:36,076] demo6.py->hasprivacythreat_real line:217 [INFO]image index C:\Users\Lenovo\Documents\GitHub\UAV-hybrid-motion-planning-with-privacy-concerns\2020-UAV_Experiment_RealScenario\Privacy/pic5-4/91.jpg
[2020-05-27 13:38:44,137] HybridPlanning_SA_real.py->Astar_Hybrid_Planning_online line:104 [INFO]current position of UAV: [3, 11, 9, 1]
[2020-05-27 13:38:44,137] demo6.py->hasprivacythreat_real line:206 [INFO]current position [3, 11, 9, 1]
[2020-05-27 13:38:44,137] demo6.py->hasprivacythreat_real line:217 [INFO]image index C:\Users\Lenovo\Documents\GitHub\UAV-hybrid-motion-planning-with-privacy-concerns\2020-UAV_Experiment_RealScenario\Privacy/pic5-4/97.jpg
[2020-05-27 13:38:51,197] HybridPlanning_SA_real.py->Astar_Hybrid_Planning_online line:104 [INFO]current position of UAV: [3, 12, 9, 1]
[2020-05-27 13:38:51,197] demo6.py->hasprivacythreat_real line:206 [INFO]current position [3, 12, 9, 1]
[2020-05-27 13:38:51,197] demo6.py->hasprivacythreat_real line:217 [INFO]image index C:\Users\Lenovo\Documents\GitHub\UAV-hybrid-motion-planning-with-privacy-concerns\2020-UAV_Experiment_RealScenario\Privacy/pic5-4/103.jpg
[2020-05-27 13:38:58,258] HybridPlanning_SA_real.py->Astar_Hybrid_Planning_online line:104 [INFO]current position of UAV: [3, 13, 9, 1]
[2020-05-27 13:38:58,258] demo6.py->hasprivacythreat_real line:206 [INFO]current position [3, 13, 9, 1]
[2020-05-27 13:38:58,258] demo6.py->hasprivacythreat_real line:217 [INFO]image index C:\Users\Lenovo\Documents\GitHub\UAV-hybrid-motion-planning-with-privacy-concerns\2020-UAV_Experiment_RealScenario\Privacy/pic5-4/109.jpg
[2020-05-27 13:39:05,315] HybridPlanning_SA_real.py->Astar_Hybrid_Planning_online line:104 [INFO]current position of UAV: [3, 14, 9, 1]
[2020-05-27 13:39:05,315] demo6.py->hasprivacythreat_real line:206 [INFO]current position [3, 14, 9, 1]
[2020-05-27 13:39:05,315] demo6.py->hasprivacythreat_real line:217 [INFO]image index C:\Users\Lenovo\Documents\GitHub\UAV-hybrid-motion-planning-with-privacy-concerns\2020-UAV_Experiment_RealScenario\Privacy/pic5-4/115.jpg
[2020-05-27 13:39:12,374] HybridPlanning_SA_real.py->Astar_Hybrid_Planning_online line:104 [INFO]current position of UAV: [3, 15, 9, 1]
[2020-05-27 13:39:12,374] demo6.py->hasprivacythreat_real line:206 [INFO]current position [3, 15, 9, 1]
[2020-05-27 13:39:12,374] demo6.py->hasprivacythreat_real line:217 [INFO]image index C:\Users\Lenovo\Documents\GitHub\UAV-hybrid-motion-planning-with-privacy-concerns\2020-UAV_Experiment_RealScenario\Privacy/pic5-4/121.jpg
[2020-05-27 13:39:19,430] HybridPlanning_SA_real.py->Astar_Hybrid_Planning_online line:104 [INFO]current position of UAV: [3, 16, 9, 1]
[2020-05-27 13:39:19,430] demo6.py->hasprivacythreat_real line:206 [INFO]current position [3, 16, 9, 1]
[2020-05-27 13:39:19,430] demo6.py->hasprivacythreat_real line:217 [INFO]image index C:\Users\Lenovo\Documents\GitHub\UAV-hybrid-motion-planning-with-privacy-concerns\2020-UAV_Experiment_RealScenario\Privacy/pic5-4/127.jpg
[2020-05-27 13:39:26,486] HybridPlanning_SA_real.py->Astar_Hybrid_Planning_online line:104 [INFO]current position of UAV: [3, 17, 9, 1]
[2020-05-27 13:39:26,486] demo6.py->hasprivacythreat_real line:206 [INFO]current position [3, 17, 9, 1]
[2020-05-27 13:39:26,486] demo6.py->hasprivacythreat_real line:217 [INFO]image index C:\Users\Lenovo\Documents\GitHub\UAV-hybrid-motion-planning-with-privacy-concerns\2020-UAV_Experiment_RealScenario\Privacy/pic5-4/133.jpg
[2020-05-27 13:39:33,547] HybridPlanning_SA_real.py->Astar_Hybrid_Planning_online line:104 [INFO]current position of UAV: [3, 18, 9, 1]
[2020-05-27 13:39:33,547] demo6.py->hasprivacythreat_real line:206 [INFO]current position [3, 18, 9, 1]
[2020-05-27 13:39:33,548] demo6.py->hasprivacythreat_real line:217 [INFO]image index C:\Users\Lenovo\Documents\GitHub\UAV-hybrid-motion-planning-with-privacy-concerns\2020-UAV_Experiment_RealScenario\Privacy/pic5-4/139.jpg
[2020-05-27 13:39:41,621] HybridPlanning_SA_real.py->Astar_Hybrid_Planning_online line:104 [INFO]current position of UAV: [2, 18, 9, 1]
[2020-05-27 13:39:41,621] demo6.py->hasprivacythreat_real line:206 [INFO]current position [2, 18, 9, 1]
[2020-05-27 13:39:41,621] demo6.py->hasprivacythreat_real line:217 [INFO]image index C:\Users\Lenovo\Documents\GitHub\UAV-hybrid-motion-planning-with-privacy-concerns\2020-UAV_Experiment_RealScenario\Privacy/pic5-4/145.jpg
[2020-05-27 13:39:49,673] HybridPlanning_SA_real.py->Astar_Hybrid_Planning_online line:104 [INFO]current position of UAV: [1, 18, 9, 1]
[2020-05-27 13:39:49,673] demo6.py->hasprivacythreat_real line:206 [INFO]current position [1, 18, 9, 1]
[2020-05-27 13:39:49,674] demo6.py->hasprivacythreat_real line:217 [INFO]image index C:\Users\Lenovo\Documents\GitHub\UAV-hybrid-motion-planning-with-privacy-concerns\2020-UAV_Experiment_RealScenario\Privacy/pic5-4/151.jpg
[2020-05-27 13:39:57,732] HybridPlanning_SA_real.py->Astar_Hybrid_Planning_online line:104 [INFO]current position of UAV: [0, 18, 9, 1]
[2020-05-27 13:39:57,733] HybridPlanning_SA_real.py->Astar_Hybrid_Planning_online line:312 [INFO]Online_Hybrid_Planning: Replanning times: 2
[2020-05-27 13:39:57,733] HybridPlanning_SA_real.py->Astar_Hybrid_Planning_online line:314 [INFO]Online_Hybrid_Planning: No solution times: 2
[2020-05-27 13:39:57,733] HybridPlanning_SA_real.py->Astar_Hybrid_Planning_online line:316 [INFO]Online_Hybrid_Planning: Execution time: 208.799190
[2020-05-27 13:39:57,736] HybridPlanning_SA_real.py->Astar_Hybrid_Planning_online line:340 [INFO]Online_Hybrid_Planning: Exploration rate: 0.950000
[2020-05-27 13:39:57,784] HybridPlanning_SA_real.py->Astar_Hybrid_Planning_online line:357 [INFO]Online_Hybrid_Planning: Length of replanned trajectory: 26
[2020-05-27 13:39:57,784] HybridPlanning_SA_real.py->Astar_Hybrid_Planning_online line:359 [INFO]Online_Hybrid_Planning: Sum of privacy threat of replanned trajectory(occ_grid): 0.000000
[2020-05-27 13:39:57,784] HybridPlanning_SA_real.py->Astar_Hybrid_Planning_online line:361 [INFO]Online_Hybrid_Planning: Sum of privacy threat of replanned trajectory(occ_grid_known): 0.207921
[2020-05-27 13:39:57,785] HybridPlanning_SA_real.py->Astar_Hybrid_Planning_online line:362 [INFO]Online_Hybrid_Planning: Times of turning off camera of replanned trajectory: 6
[2020-05-27 13:39:57,826] HybridPlanning_SA_real.py->Astar_Hybrid_Planning_online line:377 [INFO]Online_Hybrid_Planning: Length of preplanned trajectory: 24
[2020-05-27 13:39:57,826] HybridPlanning_SA_real.py->Astar_Hybrid_Planning_online line:379 [INFO]Online_Hybrid_Planning: Sum of privacy threat of preplanned trajectory(occ_grid): 0.000000
[2020-05-27 13:39:57,826] HybridPlanning_SA_real.py->Astar_Hybrid_Planning_online line:381 [INFO]Online_Hybrid_Planning: Sum of privacy threat of preplanned trajectory(occ_grid_known): 3.474372
[2020-05-27 13:39:57,826] HybridPlanning_SA_real.py->Astar_Hybrid_Planning_online line:382 [INFO]Online_Hybrid_Planning: Times of turning off camera of preplanned trajectory: 0
